{"numFailedTestSuites":0,"numFailedTests":0,"numPassedTestSuites":4,"numPassedTests":19,"numPendingTestSuites":0,"numPendingTests":0,"numRuntimeErrorTestSuites":0,"numTodoTests":0,"numTotalTestSuites":4,"numTotalTests":19,"openHandles":[],"snapshot":{"added":0,"didUpdate":false,"failure":false,"filesAdded":0,"filesRemoved":0,"filesRemovedList":[],"filesUnmatched":0,"filesUpdated":0,"matched":0,"total":0,"unchecked":0,"uncheckedKeysByFile":[],"unmatched":0,"updated":0},"startTime":1776524213353,"success":true,"testResults":[{"assertionResults":[{"ancestorTitles":["shared auth fail-closed JWT role guard + durable rate-limit"],"duration":8,"failureDetails":[],"failureMessages":[],"fullName":"shared auth fail-closed JWT role guard + durable rate-limit denies unverified JWT payloads even when decoded payload role looks allowed","invocations":1,"location":null,"numPassingAsserts":4,"retryReasons":[],"status":"passed","title":"denies unverified JWT payloads even when decoded payload role looks allowed"},{"ancestorTitles":["shared auth fail-closed JWT role guard + durable rate-limit"],"duration":7,"failureDetails":[],"failureMessages":[],"fullName":"shared auth fail-closed JWT role guard + durable rate-limit does not trust auth user.role over verified JWT role claims","invocations":1,"location":null,"numPassingAsserts":2,"retryReasons":[],"status":"passed","title":"does not trust auth user.role over verified JWT role claims"},{"ancestorTitles":["shared auth fail-closed JWT role guard + durable rate-limit"],"duration":4,"failureDetails":[],"failureMessages":[],"fullName":"shared auth fail-closed JWT role guard + durable rate-limit accepts build_admin from verified JWT claim even when auth user.role is authenticated","invocations":1,"location":null,"numPassingAsserts":1,"retryReasons":[],"status":"passed","title":"accepts build_admin from verified JWT claim even when auth user.role is authenticated"},{"ancestorTitles":["shared auth fail-closed JWT role guard + durable rate-limit"],"duration":1,"failureDetails":[],"failureMessages":[],"fullName":"shared auth fail-closed JWT role guard + durable rate-limit keeps utf-8 role decoding intact (would fail on legacy atob+JSON.parse decoder)","invocations":1,"location":null,"numPassingAsserts":2,"retryReasons":[],"status":"passed","title":"keeps utf-8 role decoding intact (would fail on legacy atob+JSON.parse decoder)"},{"ancestorTitles":["shared auth fail-closed JWT role guard + durable rate-limit"],"duration":1,"failureDetails":[],"failureMessages":[],"fullName":"shared auth fail-closed JWT role guard + durable rate-limit returns 500 when JWT verification server secrets are missing","invocations":1,"location":null,"numPassingAsserts":2,"retryReasons":[],"status":"passed","title":"returns 500 when JWT verification server secrets are missing"},{"ancestorTitles":["shared auth fail-closed JWT role guard + durable rate-limit"],"duration":12,"failureDetails":[],"failureMessages":[],"fullName":"shared auth fail-closed JWT role guard + durable rate-limit falls back to the local limiter when durable store secrets are missing","invocations":1,"location":null,"numPassingAsserts":1,"retryReasons":[],"status":"passed","title":"falls back to the local limiter when durable store secrets are missing"},{"ancestorTitles":["shared auth fail-closed JWT role guard + durable rate-limit"],"duration":2,"failureDetails":[],"failureMessages":[],"fullName":"shared auth fail-closed JWT role guard + durable rate-limit fails closed when durable rate limiting is required but durable secrets are missing","invocations":1,"location":null,"numPassingAsserts":2,"retryReasons":[],"status":"passed","title":"fails closed when durable rate limiting is required but durable secrets are missing"},{"ancestorTitles":["shared auth fail-closed JWT role guard + durable rate-limit"],"duration":1,"failureDetails":[],"failureMessages":[],"fullName":"shared auth fail-closed JWT role guard + durable rate-limit falls back to the local limiter when the durable store is temporarily unavailable","invocations":1,"location":null,"numPassingAsserts":2,"retryReasons":[],"status":"passed","title":"falls back to the local limiter when the durable store is temporarily unavailable"},{"ancestorTitles":["shared auth fail-closed JWT role guard + durable rate-limit"],"duration":3,"failureDetails":[],"failureMessages":[],"fullName":"shared auth fail-closed JWT role guard + durable rate-limit falls back to the local limiter when durable store write/read respond with HTTP errors","invocations":1,"location":null,"numPassingAsserts":3,"retryReasons":[],"status":"passed","title":"falls back to the local limiter when durable store write/read respond with HTTP errors"},{"ancestorTitles":["shared auth fail-closed JWT role guard + durable rate-limit"],"duration":2,"failureDetails":[],"failureMessages":[],"fullName":"shared auth fail-closed JWT role guard + durable rate-limit uses durable counter storage for high-risk route rate limits","invocations":1,"location":null,"numPassingAsserts":4,"retryReasons":[],"status":"passed","title":"uses durable counter storage for high-risk route rate limits"},{"ancestorTitles":["shared auth fail-closed JWT role guard + durable rate-limit"],"duration":1,"failureDetails":[],"failureMessages":[],"fullName":"shared auth fail-closed JWT role guard + durable rate-limit accepts single-row array response in strict durable mode without 503","invocations":1,"location":null,"numPassingAsserts":1,"retryReasons":[],"status":"passed","title":"accepts single-row array response in strict durable mode without 503"},{"ancestorTitles":["shared auth fail-closed JWT role guard + durable rate-limit"],"duration":1,"failureDetails":[],"failureMessages":[],"fullName":"shared auth fail-closed JWT role guard + durable rate-limit fails closed for invalid durable rpc response shape in strict durable mode","invocations":1,"location":null,"numPassingAsserts":2,"retryReasons":[],"status":"passed","title":"fails closed for invalid durable rpc response shape in strict durable mode"}],"endTime":1776524213740,"message":"","name":"/app/__tests__/auth.failClosedAndDurableRateLimit.test.ts","startTime":1776524213429,"status":"passed","summary":""},{"assertionResults":[{"ancestorTitles":["high-risk/public edge routes use durable rate limits before local fallbacks"],"duration":1,"failureDetails":[],"failureMessages":[],"fullName":"high-risk/public edge routes use durable rate limits before local fallbacks wires durable + local rate limits for k1w1-handler","invocations":1,"location":null,"numPassingAsserts":4,"retryReasons":[],"status":"passed","title":"wires durable + local rate limits for k1w1-handler"},{"ancestorTitles":["high-risk/public edge routes use durable rate limits before local fallbacks"],"duration":0,"failureDetails":[],"failureMessages":[],"fullName":"high-risk/public edge routes use durable rate limits before local fallbacks wires durable + local rate limits for preview_page","invocations":1,"location":null,"numPassingAsserts":4,"retryReasons":[],"status":"passed","title":"wires durable + local rate limits for preview_page"},{"ancestorTitles":["high-risk/public edge routes use durable rate limits before local fallbacks"],"duration":0,"failureDetails":[],"failureMessages":[],"fullName":"high-risk/public edge routes use durable rate limits before local fallbacks keeps android-keystore-export durable limiter fail-closed","invocations":1,"location":null,"numPassingAsserts":4,"retryReasons":[],"status":"passed","title":"keeps android-keystore-export durable limiter fail-closed"}],"endTime":1776524213822,"message":"","name":"/app/__tests__/edgeRateLimitHighRiskRoutes.invariants.test.ts","startTime":1776524213765,"status":"passed","summary":""},{"assertionResults":[{"ancestorTitles":["edge durable rate-limit coverage for sensitive routes"],"duration":4,"failureDetails":[],"failureMessages":[],"fullName":"edge durable rate-limit coverage for sensitive routes keeps save_preview behind verified JWT plus durable+local rate limiting","invocations":1,"location":null,"numPassingAsserts":5,"retryReasons":[],"status":"passed","title":"keeps save_preview behind verified JWT plus durable+local rate limiting"},{"ancestorTitles":["edge durable rate-limit coverage for sensitive routes"],"duration":1,"failureDetails":[],"failureMessages":[],"fullName":"edge durable rate-limit coverage for sensitive routes keeps android-keystore-status behind durable+local rate limiting","invocations":1,"location":null,"numPassingAsserts":3,"retryReasons":[],"status":"passed","title":"keeps android-keystore-status behind durable+local rate limiting"}],"endTime":1776524213878,"message":"","name":"/app/__tests__/edgeRateLimitCoverage.invariants.test.ts","startTime":1776524213826,"status":"passed","summary":""},{"assertionResults":[{"ancestorTitles":["Patch 784 edge rate-limit decision ambiguity fix"],"duration":1,"failureDetails":[],"failureMessages":[],"fullName":"Patch 784 edge rate-limit decision ambiguity fix qualifies the decision column lookup against edge_rate_limit_events","invocations":1,"location":null,"numPassingAsserts":2,"retryReasons":[],"status":"passed","title":"qualifies the decision column lookup against edge_rate_limit_events"},{"ancestorTitles":["Patch 784 edge rate-limit decision ambiguity fix"],"duration":0,"failureDetails":[],"failureMessages":[],"fullName":"Patch 784 edge rate-limit decision ambiguity fix keeps the semantic decision output contract explicit","invocations":1,"location":null,"numPassingAsserts":4,"retryReasons":[],"status":"passed","title":"keeps the semantic decision output contract explicit"}],"endTime":1776524213929,"message":"","name":"/app/__tests__/patch784.edgeRateLimitDecisionAmbiguity.invariants.test.ts","startTime":1776524213882,"status":"passed","summary":""}],"wasInterrupted":false}
