TN:
SF:components/Breadcrumb.tsx
FN:11,(anonymous_1)
FN:18,(anonymous_2)
FN:23,(anonymous_3)
FN:28,(anonymous_4)
FNF:4
FNH:0
FNDA:0,(anonymous_1)
FNDA:0,(anonymous_2)
FNDA:0,(anonymous_3)
FNDA:0,(anonymous_4)
DA:1,0
DA:2,0
DA:3,0
DA:4,0
DA:11,0
DA:12,0
DA:14,0
DA:16,0
DA:18,0
DA:24,0
DA:25,0
DA:28,0
DA:38,0
LF:13
LH:0
BRDA:12,0,0,0
BRF:1
BRH:0
end_of_record
TN:
SF:components/CreationDialog.tsx
FN:15,(anonymous_9)
FN:20,(anonymous_10)
FN:31,(anonymous_11)
FN:70,(anonymous_12)
FN:89,(anonymous_13)
FN:110,(anonymous_14)
FNF:6
FNH:0
FNDA:0,(anonymous_9)
FNDA:0,(anonymous_10)
FNDA:0,(anonymous_11)
FNDA:0,(anonymous_12)
FNDA:0,(anonymous_13)
FNDA:0,(anonymous_14)
DA:1,0
DA:2,0
DA:3,0
DA:4,0
DA:15,0
DA:17,0
DA:20,0
DA:27,0
DA:28,0
DA:29,0
DA:31,0
DA:32,0
DA:34,0
DA:35,0
DA:36,0
DA:40,0
DA:41,0
DA:42,0
DA:45,0
DA:46,0
DA:48,0
DA:51,0
DA:52,0
DA:53,0
DA:56,0
DA:70,0
DA:89,0
DA:111,0
DA:112,0
DA:141,0
LF:30
LH:0
BRDA:34,0,0,0
BRDA:40,1,0,0
BRDA:45,2,0,0
BRDA:45,2,1,0
BRDA:64,3,0,0
BRDA:64,3,1,0
BRDA:69,4,0,0
BRDA:69,4,1,0
BRDA:75,5,0,0
BRDA:75,5,1,0
BRDA:80,6,0,0
BRDA:80,6,1,0
BRDA:88,7,0,0
BRDA:88,7,1,0
BRDA:94,8,0,0
BRDA:94,8,1,0
BRDA:99,9,0,0
BRDA:99,9,1,0
BRDA:114,10,0,0
BRDA:114,10,1,0
BRDA:118,11,0,0
BRDA:118,11,1,0
BRDA:127,12,0,0
BRDA:127,12,1,0
BRDA:127,12,2,0
BRF:25
BRH:0
end_of_record
TN:
SF:components/CustomDrawer.tsx
FN:13,(anonymous_1)
FN:18,(anonymous_2)
FN:25,(anonymous_3)
FN:27,(anonymous_4)
FN:40,(anonymous_5)
FNF:5
FNH:0
FNDA:0,(anonymous_1)
FNDA:0,(anonymous_2)
FNDA:0,(anonymous_3)
FNDA:0,(anonymous_4)
FNDA:0,(anonymous_5)
DA:1,0
DA:2,0
DA:10,0
DA:11,0
DA:13,0
DA:16,0
DA:18,0
DA:19,0
DA:23,0
DA:25,0
DA:27,0
DA:32,0
DA:33,0
DA:40,0
DA:64,0
DA:120,0
LF:16
LH:0
BRDA:23,0,0,0
BRDA:23,0,1,0
BRDA:38,1,0,0
BRDA:38,1,1,0
BRDA:46,2,0,0
BRDA:46,2,1,0
BRDA:55,3,0,0
BRDA:55,3,1,0
BRF:8
BRH:0
end_of_record
TN:
SF:components/CustomHeader.tsx
FN:26,(anonymous_10)
FN:48,(anonymous_11)
FN:74,(anonymous_12)
FN:85,(anonymous_13)
FN:86,(anonymous_14)
FN:98,(anonymous_15)
FN:156,(anonymous_16)
FN:166,(anonymous_17)
FN:175,(anonymous_18)
FN:256,(anonymous_19)
FN:262,(anonymous_20)
FN:275,(anonymous_21)
FN:288,(anonymous_22)
FN:297,(anonymous_23)
FN:303,(anonymous_24)
FN:328,(anonymous_25)
FN:351,(anonymous_26)
FN:372,(anonymous_27)
FN:377,(anonymous_28)
FN:398,(anonymous_29)
FNF:20
FNH:0
FNDA:0,(anonymous_10)
FNDA:0,(anonymous_11)
FNDA:0,(anonymous_12)
FNDA:0,(anonymous_13)
FNDA:0,(anonymous_14)
FNDA:0,(anonymous_15)
FNDA:0,(anonymous_16)
FNDA:0,(anonymous_17)
FNDA:0,(anonymous_18)
FNDA:0,(anonymous_19)
FNDA:0,(anonymous_20)
FNDA:0,(anonymous_21)
FNDA:0,(anonymous_22)
FNDA:0,(anonymous_23)
FNDA:0,(anonymous_24)
FNDA:0,(anonymous_25)
FNDA:0,(anonymous_26)
FNDA:0,(anonymous_27)
FNDA:0,(anonymous_28)
FNDA:0,(anonymous_29)
DA:2,0
DA:3,0
DA:4,0
DA:5,0
DA:7,0
DA:8,0
DA:9,0
DA:11,0
DA:13,0
DA:15,0
DA:16,0
DA:26,0
DA:27,0
DA:28,0
DA:30,0
DA:33,0
DA:34,0
DA:35,0
DA:36,0
DA:39,0
DA:40,0
DA:41,0
DA:42,0
DA:44,0
DA:45,0
DA:48,0
DA:49,0
DA:50,0
DA:51,0
DA:52,0
DA:53,0
DA:55,0
DA:56,0
DA:62,0
DA:63,0
DA:65,0
DA:66,0
DA:68,0
DA:70,0
DA:74,0
DA:75,0
DA:76,0
DA:77,0
DA:78,0
DA:79,0
DA:81,0
DA:85,0
DA:86,0
DA:87,0
DA:88,0
DA:89,0
DA:91,0
DA:94,0
DA:98,0
DA:99,0
DA:100,0
DA:101,0
DA:104,0
DA:105,0
DA:106,0
DA:108,0
DA:109,0
DA:110,0
DA:113,0
DA:114,0
DA:115,0
DA:116,0
DA:117,0
DA:118,0
DA:120,0
DA:123,0
DA:124,0
DA:127,0
DA:129,0
DA:130,0
DA:131,0
DA:132,0
DA:133,0
DA:136,0
DA:137,0
DA:138,0
DA:139,0
DA:140,0
DA:142,0
DA:143,0
DA:144,0
DA:145,0
DA:148,0
DA:149,0
DA:150,0
DA:151,0
DA:156,0
DA:157,0
DA:158,0
DA:159,0
DA:160,0
DA:161,0
DA:162,0
DA:163,0
DA:164,0
DA:166,0
DA:167,0
DA:168,0
DA:169,0
DA:175,0
DA:176,0
DA:177,0
DA:178,0
DA:179,0
DA:181,0
DA:182,0
DA:183,0
DA:186,0
DA:187,0
DA:188,0
DA:189,0
DA:190,0
DA:192,0
DA:193,0
DA:194,0
DA:197,0
DA:200,0
DA:216,0
DA:217,0
DA:220,0
DA:221,0
DA:222,0
DA:223,0
DA:226,0
DA:227,0
DA:228,0
DA:231,0
DA:233,0
DA:239,0
DA:243,0
DA:244,0
DA:245,0
DA:246,0
DA:249,0
DA:250,0
DA:252,0
DA:256,0
DA:257,0
DA:258,0
DA:262,0
DA:263,0
DA:264,0
DA:265,0
DA:266,0
DA:267,0
DA:269,0
DA:271,0
DA:275,0
DA:276,0
DA:277,0
DA:279,0
DA:280,0
DA:282,0
DA:283,0
DA:285,0
DA:288,0
DA:289,0
DA:290,0
DA:291,0
DA:293,0
DA:297,0
DA:298,0
DA:303,0
DA:322,0
DA:323,0
DA:325,0
DA:328,0
DA:352,0
DA:353,0
DA:372,0
DA:377,0
DA:398,0
DA:409,0
DA:536,0
LF:179
LH:0
BRDA:51,0,0,0
BRDA:62,1,0,0
BRDA:68,2,0,0
BRDA:68,2,1,0
BRDA:89,3,0,0
BRDA:99,4,0,0
BRDA:104,5,0,0
BRDA:113,6,0,0
BRDA:115,7,0,0
BRDA:127,8,0,0
BRDA:130,9,0,0
BRDA:130,9,1,0
BRDA:130,9,2,0
BRDA:130,9,3,0
BRDA:130,9,4,0
BRDA:130,9,5,0
BRDA:137,10,0,0
BRDA:137,10,1,0
BRDA:157,11,0,0
BRDA:157,11,1,0
BRDA:157,12,0,0
BRDA:157,12,1,0
BRDA:161,13,0,0
BRDA:161,14,0,0
BRDA:161,14,1,0
BRDA:167,15,0,0
BRDA:182,16,0,0
BRDA:182,17,0,0
BRDA:182,17,1,0
BRDA:182,17,2,0
BRDA:193,18,0,0
BRDA:193,19,0,0
BRDA:193,19,1,0
BRDA:193,19,2,0
BRDA:193,19,3,0
BRDA:193,19,4,0
BRDA:220,20,0,0
BRDA:220,21,0,0
BRDA:220,21,1,0
BRDA:221,22,0,0
BRDA:221,22,1,0
BRDA:222,23,0,0
BRDA:222,23,1,0
BRDA:223,24,0,0
BRDA:223,24,1,0
BRDA:227,25,0,0
BRDA:257,26,0,0
BRDA:264,27,0,0
BRDA:276,28,0,0
BRDA:276,29,0,0
BRDA:276,29,1,0
BRDA:279,30,0,0
BRDA:282,31,0,0
BRDA:282,32,0,0
BRDA:282,32,1,0
BRDA:289,33,0,0
BRDA:289,34,0,0
BRDA:289,34,1,0
BRDA:290,35,0,0
BRDA:290,35,1,0
BRDA:301,36,0,0
BRDA:301,36,1,0
BRDA:311,37,0,0
BRDA:311,37,1,0
BRDA:315,38,0,0
BRDA:315,38,1,0
BRDA:322,39,0,0
BRDA:322,39,1,0
BRDA:322,39,2,0
BRDA:323,40,0,0
BRDA:323,40,1,0
BRDA:328,41,0,0
BRDA:328,41,1,0
BRDA:332,42,0,0
BRDA:332,42,1,0
BRDA:355,43,0,0
BRDA:355,43,1,0
BRDA:361,44,0,0
BRDA:361,44,1,0
BRDA:362,45,0,0
BRDA:362,45,1,0
BRDA:381,46,0,0
BRDA:381,46,1,0
BRDA:389,47,0,0
BRDA:389,47,1,0
BRF:85
BRH:0
end_of_record
TN:
SF:components/ErrorBoundary.tsx
FN:18,(anonymous_9)
FN:27,(anonymous_10)
FN:35,(anonymous_11)
FN:43,(anonymous_12)
FN:51,(anonymous_13)
FNF:5
FNH:0
FNDA:0,(anonymous_9)
FNDA:0,(anonymous_10)
FNDA:0,(anonymous_11)
FNDA:0,(anonymous_12)
FNDA:0,(anonymous_13)
DA:2,0
DA:3,0
DA:4,0
DA:17,0
DA:19,0
DA:20,0
DA:28,0
DA:36,0
DA:37,0
DA:43,0
DA:44,0
DA:52,0
DA:53,0
DA:54,0
DA:57,0
DA:81,0
DA:85,0
LF:17
LH:0
BRDA:52,0,0,0
BRDA:53,1,0,0
BRDA:62,2,0,0
BRDA:62,2,1,0
BRDA:65,3,0,0
BRDA:65,3,1,0
BRDA:65,3,2,0
BRF:7
BRH:0
end_of_record
TN:
SF:components/FileItem.tsx
FN:13,(anonymous_1)
FN:14,(anonymous_2)
FN:37,(anonymous_3)
FNF:3
FNH:0
FNDA:0,(anonymous_1)
FNDA:0,(anonymous_2)
FNDA:0,(anonymous_3)
DA:1,0
DA:2,0
DA:3,0
DA:4,0
DA:13,0
DA:14,0
DA:15,0
DA:16,0
DA:19,0
DA:22,0
DA:24,0
DA:29,0
DA:31,0
DA:33,0
DA:37,0
DA:38,0
DA:39,0
DA:42,0
DA:45,0
DA:47,0
DA:52,0
DA:54,0
DA:56,0
DA:60,0
DA:101,0
LF:25
LH:0
BRDA:16,0,0,0
BRDA:16,0,1,0
BRDA:16,0,2,0
BRDA:16,0,3,0
BRDA:16,0,4,0
BRDA:16,0,5,0
BRDA:16,0,6,0
BRDA:16,0,7,0
BRDA:16,0,8,0
BRDA:16,0,9,0
BRDA:16,0,10,0
BRDA:39,1,0,0
BRDA:39,1,1,0
BRDA:39,1,2,0
BRDA:39,1,3,0
BRDA:39,1,4,0
BRDA:39,1,5,0
BRDA:39,1,6,0
BRDA:39,1,7,0
BRDA:39,1,8,0
BRDA:39,1,9,0
BRDA:39,1,10,0
BRDA:69,2,0,0
BRDA:69,2,1,0
BRDA:71,3,0,0
BRDA:71,3,1,0
BRDA:78,4,0,0
BRDA:78,4,1,0
BRDA:78,4,2,0
BRDA:80,5,0,0
BRDA:80,5,1,0
BRDA:84,6,0,0
BRDA:84,6,1,0
BRDA:84,6,2,0
BRDA:86,7,0,0
BRDA:86,7,1,0
BRDA:94,8,0,0
BRDA:94,8,1,0
BRF:38
BRH:0
end_of_record
TN:
SF:components/FileTree.ts
FN:13,(anonymous_0)
FN:18,(anonymous_1)
FN:22,(anonymous_2)
FN:72,(anonymous_3)
FN:73,(anonymous_4)
FN:80,(anonymous_5)
FN:91,(anonymous_6)
FNF:7
FNH:0
FNDA:0,(anonymous_0)
FNDA:0,(anonymous_1)
FNDA:0,(anonymous_2)
FNDA:0,(anonymous_3)
FNDA:0,(anonymous_4)
FNDA:0,(anonymous_5)
FNDA:0,(anonymous_6)
DA:13,0
DA:15,0
DA:16,0
DA:18,0
DA:19,0
DA:20,0
DA:22,0
DA:23,0
DA:24,0
DA:25,0
DA:27,0
DA:28,0
DA:36,0
DA:37,0
DA:38,0
DA:39,0
DA:40,0
DA:43,0
DA:46,0
DA:47,0
DA:56,0
DA:58,0
DA:59,0
DA:60,0
DA:61,0
DA:62,0
DA:65,0
DA:72,0
DA:73,0
DA:74,0
DA:75,0
DA:77,0
DA:80,0
DA:81,0
DA:82,0
DA:87,0
DA:88,0
DA:91,0
DA:92,0
DA:94,0
DA:95,0
DA:96,0
DA:98,0
DA:99,0
DA:100,0
DA:103,0
LF:46
LH:0
BRDA:25,0,0,0
BRDA:25,0,1,0
BRDA:27,1,0,0
BRDA:27,1,1,0
BRDA:36,2,0,0
BRDA:36,2,1,0
BRDA:38,3,0,0
BRDA:39,4,0,0
BRDA:39,4,1,0
BRDA:46,5,0,0
BRDA:58,6,0,0
BRDA:58,6,1,0
BRDA:60,7,0,0
BRDA:61,8,0,0
BRDA:61,8,1,0
BRDA:74,9,0,0
BRDA:75,10,0,0
BRDA:75,10,1,0
BRDA:81,11,0,0
BRDA:92,12,0,0
BRDA:95,13,0,0
BRDA:95,14,0,0
BRDA:95,14,1,0
BRDA:96,15,0,0
BRDA:96,15,1,0
BRDA:98,16,0,0
BRDA:100,17,0,0
BRF:27
BRH:0
end_of_record
TN:
SF:components/MessageItem.tsx
FN:18,(anonymous_9)
FN:24,(anonymous_10)
FN:33,(anonymous_11)
FNF:3
FNH:0
FNDA:0,(anonymous_9)
FNDA:0,(anonymous_10)
FNDA:0,(anonymous_11)
DA:1,0
DA:2,0
DA:3,0
DA:4,0
DA:18,0
DA:19,0
DA:20,0
DA:22,0
DA:24,0
DA:25,0
DA:26,0
DA:27,0
DA:31,0
DA:33,0
DA:47,0
DA:49,0
DA:85,0
LF:17
LH:0
BRDA:19,0,0,0
BRDA:19,0,1,0
BRDA:22,1,0,0
BRDA:22,2,0,0
BRDA:22,2,1,0
BRDA:25,3,0,0
BRDA:35,4,0,0
BRDA:35,4,1,0
BRDA:36,5,0,0
BRDA:36,5,1,0
BRDA:40,6,0,0
BRDA:40,6,1,0
BRDA:41,7,0,0
BRDA:41,7,1,0
BRF:14
BRH:0
end_of_record
TN:
SF:components/RepoListItem.tsx
FN:14,(anonymous_1)
FN:17,(anonymous_2)
FN:30,(anonymous_3)
FNF:3
FNH:0
FNDA:0,(anonymous_1)
FNDA:0,(anonymous_2)
FNDA:0,(anonymous_3)
DA:2,0
DA:3,0
DA:4,0
DA:14,0
DA:15,0
DA:17,0
DA:30,0
DA:37,0
DA:39,0
LF:9
LH:0
BRDA:16,0,0,0
BRDA:16,0,1,0
BRDA:20,1,0,0
BRDA:20,1,1,0
BRF:4
BRH:0
end_of_record
TN:
SF:components/SyntaxHighlighter.tsx
FN:15,(anonymous_1)
FN:71,(anonymous_2)
FN:75,(anonymous_3)
FN:83,(anonymous_4)
FN:107,(anonymous_5)
FN:112,(anonymous_6)
FNF:6
FNH:0
FNDA:0,(anonymous_1)
FNDA:0,(anonymous_2)
FNDA:0,(anonymous_3)
FNDA:0,(anonymous_4)
FNDA:0,(anonymous_5)
FNDA:0,(anonymous_6)
DA:1,0
DA:2,0
DA:9,0
DA:10,0
DA:11,0
DA:12,0
DA:13,0
DA:15,0
DA:16,0
DA:17,0
DA:21,0
DA:22,0
DA:23,0
DA:31,0
DA:32,0
DA:33,0
DA:41,0
DA:42,0
DA:43,0
DA:51,0
DA:52,0
DA:53,0
DA:61,0
DA:62,0
DA:63,0
DA:71,0
DA:73,0
DA:74,0
DA:75,0
DA:76,0
DA:77,0
DA:78,0
DA:82,0
DA:83,0
DA:84,0
DA:85,0
DA:90,0
DA:94,0
DA:97,0
DA:98,0
DA:104,0
DA:107,0
DA:108,0
DA:110,0
DA:113,0
DA:121,0
LF:46
LH:0
BRDA:76,0,0,0
BRDA:84,1,0,0
BRDA:97,2,0,0
BRF:3
BRH:0
end_of_record
TN:
SF:contexts/AIContext.tsx
FN:244,(anonymous_10)
FN:309,(anonymous_11)
FN:319,(anonymous_12)
FN:334,(anonymous_13)
FN:338,(anonymous_14)
FN:344,(anonymous_15)
FN:350,(anonymous_16)
FN:360,(anonymous_17)
FN:364,(anonymous_18)
FN:366,(anonymous_19)
FN:384,(anonymous_20)
FN:389,(anonymous_21)
FN:401,(anonymous_22)
FN:409,(anonymous_23)
FN:417,(anonymous_24)
FN:425,(anonymous_25)
FN:433,(anonymous_26)
FN:441,(anonymous_27)
FN:463,(anonymous_28)
FN:465,(anonymous_29)
FN:481,(anonymous_30)
FN:504,(anonymous_31)
FN:510,(anonymous_32)
FN:527,(anonymous_33)
FN:560,(anonymous_34)
FN:568,(anonymous_35)
FN:570,(anonymous_36)
FN:570,(anonymous_37)
FN:574,(anonymous_38)
FN:612,(anonymous_39)
FNF:30
FNH:0
FNDA:0,(anonymous_10)
FNDA:0,(anonymous_11)
FNDA:0,(anonymous_12)
FNDA:0,(anonymous_13)
FNDA:0,(anonymous_14)
FNDA:0,(anonymous_15)
FNDA:0,(anonymous_16)
FNDA:0,(anonymous_17)
FNDA:0,(anonymous_18)
FNDA:0,(anonymous_19)
FNDA:0,(anonymous_20)
FNDA:0,(anonymous_21)
FNDA:0,(anonymous_22)
FNDA:0,(anonymous_23)
FNDA:0,(anonymous_24)
FNDA:0,(anonymous_25)
FNDA:0,(anonymous_26)
FNDA:0,(anonymous_27)
FNDA:0,(anonymous_28)
FNDA:0,(anonymous_29)
FNDA:0,(anonymous_30)
FNDA:0,(anonymous_31)
FNDA:0,(anonymous_32)
FNDA:0,(anonymous_33)
FNDA:0,(anonymous_34)
FNDA:0,(anonymous_35)
FNDA:0,(anonymous_36)
FNDA:0,(anonymous_37)
FNDA:0,(anonymous_38)
FNDA:0,(anonymous_39)
DA:2,0
DA:11,0
DA:24,0
DA:208,0
DA:210,0
DA:226,0
DA:244,0
DA:245,0
DA:248,0
DA:249,0
DA:250,0
DA:252,0
DA:254,0
DA:255,0
DA:257,0
DA:260,0
DA:263,0
DA:270,0
DA:276,0
DA:278,0
DA:281,0
DA:283,0
DA:295,0
DA:307,0
DA:309,0
DA:311,0
DA:319,0
DA:320,0
DA:321,0
DA:322,0
DA:324,0
DA:328,0
DA:332,0
DA:334,0
DA:335,0
DA:338,0
DA:339,0
DA:342,0
DA:344,0
DA:347,0
DA:350,0
DA:353,0
DA:354,0
DA:355,0
DA:357,0
DA:360,0
DA:361,0
DA:362,0
DA:364,0
DA:365,0
DA:366,0
DA:367,0
DA:368,0
DA:369,0
DA:370,0
DA:371,0
DA:372,0
DA:373,0
DA:374,0
DA:376,0
DA:377,0
DA:378,0
DA:380,0
DA:383,0
DA:384,0
DA:385,0
DA:389,0
DA:390,0
DA:391,0
DA:392,0
DA:393,0
DA:394,0
DA:396,0
DA:400,0
DA:402,0
DA:403,0
DA:408,0
DA:410,0
DA:411,0
DA:416,0
DA:418,0
DA:419,0
DA:424,0
DA:426,0
DA:427,0
DA:432,0
DA:434,0
DA:435,0
DA:440,0
DA:442,0
DA:443,0
DA:445,0
DA:446,0
DA:447,0
DA:450,0
DA:457,0
DA:462,0
DA:464,0
DA:465,0
DA:467,0
DA:474,0
DA:480,0
DA:482,0
DA:483,0
DA:484,0
DA:487,0
DA:489,0
DA:496,0
DA:497,0
DA:503,0
DA:505,0
DA:506,0
DA:507,0
DA:509,0
DA:510,0
DA:511,0
DA:513,0
DA:520,0
DA:526,0
DA:528,0
DA:530,0
DA:531,0
DA:534,0
DA:537,0
DA:539,0
DA:547,0
DA:550,0
DA:554,0
DA:559,0
DA:561,0
DA:562,0
DA:568,0
DA:569,0
DA:570,0
DA:573,0
DA:574,0
DA:604,0
DA:605,0
DA:606,0
DA:609,0
DA:612,0
DA:613,0
DA:614,0
DA:615,0
DA:617,0
LF:145
LH:0
BRDA:245,0,0,0
BRDA:248,1,0,0
BRDA:248,1,1,0
BRDA:254,2,0,0
BRDA:254,2,1,0
BRDA:254,3,0,0
BRDA:254,3,1,0
BRDA:260,4,0,0
BRDA:260,4,1,0
BRDA:263,5,0,0
BRDA:263,5,1,0
BRDA:270,6,0,0
BRDA:270,6,1,0
BRDA:276,7,0,0
BRDA:276,7,1,0
BRDA:278,8,0,0
BRDA:278,8,1,0
BRDA:281,9,0,0
BRDA:281,9,1,0
BRDA:284,10,0,0
BRDA:284,10,1,0
BRDA:285,11,0,0
BRDA:285,11,1,0
BRDA:286,12,0,0
BRDA:286,12,1,0
BRDA:287,13,0,0
BRDA:287,13,1,0
BRDA:290,14,0,0
BRDA:290,14,1,0
BRDA:321,15,0,0
BRDA:321,15,1,0
BRDA:321,16,0,0
BRDA:321,16,1,0
BRDA:353,17,0,0
BRDA:370,18,0,0
BRDA:380,19,0,0
BRDA:443,20,0,0
BRDA:445,21,0,0
BRDA:445,21,1,0
BRDA:446,22,0,0
BRDA:464,23,0,0
BRDA:464,23,1,0
BRDA:482,24,0,0
BRDA:482,24,1,0
BRDA:483,25,0,0
BRDA:505,26,0,0
BRDA:505,26,1,0
BRDA:506,27,0,0
BRDA:506,28,0,0
BRDA:506,28,1,0
BRDA:528,29,0,0
BRDA:528,29,1,0
BRDA:530,30,0,0
BRDA:562,31,0,0
BRDA:562,31,1,0
BRDA:562,32,0,0
BRDA:562,32,1,0
BRDA:604,33,0,0
BRDA:614,34,0,0
BRF:59
BRH:0
end_of_record
TN:
SF:contexts/GitHubContext.tsx
FN:22,(anonymous_10)
FN:28,(anonymous_11)
FN:29,(anonymous_12)
FN:49,(anonymous_13)
FN:60,(anonymous_14)
FN:63,(anonymous_15)
FN:64,(anonymous_16)
FN:72,(anonymous_17)
FN:73,(anonymous_18)
FN:74,(anonymous_19)
FN:81,(anonymous_20)
FN:99,(anonymous_21)
FNF:12
FNH:0
FNDA:0,(anonymous_10)
FNDA:0,(anonymous_11)
FNDA:0,(anonymous_12)
FNDA:0,(anonymous_13)
FNDA:0,(anonymous_14)
FNDA:0,(anonymous_15)
FNDA:0,(anonymous_16)
FNDA:0,(anonymous_17)
FNDA:0,(anonymous_18)
FNDA:0,(anonymous_19)
FNDA:0,(anonymous_20)
FNDA:0,(anonymous_21)
DA:1,0
DA:8,0
DA:18,0
DA:20,0
DA:22,0
DA:25,0
DA:26,0
DA:28,0
DA:29,0
DA:30,0
DA:31,0
DA:32,0
DA:33,0
DA:34,0
DA:35,0
DA:39,0
DA:46,0
DA:49,0
DA:50,0
DA:51,0
DA:53,0
DA:60,0
DA:61,0
DA:62,0
DA:63,0
DA:64,0
DA:65,0
DA:66,0
DA:67,0
DA:72,0
DA:73,0
DA:74,0
DA:75,0
DA:76,0
DA:77,0
DA:81,0
DA:82,0
DA:83,0
DA:86,0
DA:94,0
DA:99,0
DA:100,0
DA:101,0
DA:102,0
DA:106,0
LF:45
LH:0
BRDA:32,0,0,0
BRDA:34,1,0,0
BRDA:62,2,0,0
BRDA:101,3,0,0
BRF:4
BRH:0
end_of_record
TN:
SF:contexts/ProjectContext.tsx
FN:26,(anonymous_9)
FN:32,(anonymous_10)
FN:48,(anonymous_11)
FN:48,(anonymous_12)
FN:48,(anonymous_13)
FN:48,(anonymous_14)
FN:50,(anonymous_15)
FN:58,(anonymous_16)
FN:62,(anonymous_17)
FN:63,(anonymous_18)
FN:71,(anonymous_19)
FN:75,(anonymous_20)
FN:103,(anonymous_21)
FN:104,(anonymous_22)
FN:105,(anonymous_23)
FN:106,(anonymous_24)
FN:124,(anonymous_25)
FN:125,(anonymous_26)
FN:134,(anonymous_27)
FN:135,(anonymous_28)
FN:144,(anonymous_29)
FN:145,(anonymous_30)
FN:154,(anonymous_31)
FN:163,(anonymous_32)
FN:194,(anonymous_33)
FN:214,(anonymous_34)
FN:222,(anonymous_35)
FN:248,(anonymous_36)
FN:250,(anonymous_37)
FN:274,(anonymous_38)
FN:275,(anonymous_39)
FN:289,(anonymous_40)
FN:290,(anonymous_41)
FN:292,(anonymous_42)
FN:299,(anonymous_43)
FN:301,(anonymous_44)
FN:314,(anonymous_45)
FN:315,(anonymous_46)
FN:324,(anonymous_47)
FN:333,(anonymous_48)
FN:334,(anonymous_49)
FN:387,(anonymous_50)
FN:389,(anonymous_51)
FN:402,(anonymous_52)
FNF:44
FNH:0
FNDA:0,(anonymous_9)
FNDA:0,(anonymous_10)
FNDA:0,(anonymous_11)
FNDA:0,(anonymous_12)
FNDA:0,(anonymous_13)
FNDA:0,(anonymous_14)
FNDA:0,(anonymous_15)
FNDA:0,(anonymous_16)
FNDA:0,(anonymous_17)
FNDA:0,(anonymous_18)
FNDA:0,(anonymous_19)
FNDA:0,(anonymous_20)
FNDA:0,(anonymous_21)
FNDA:0,(anonymous_22)
FNDA:0,(anonymous_23)
FNDA:0,(anonymous_24)
FNDA:0,(anonymous_25)
FNDA:0,(anonymous_26)
FNDA:0,(anonymous_27)
FNDA:0,(anonymous_28)
FNDA:0,(anonymous_29)
FNDA:0,(anonymous_30)
FNDA:0,(anonymous_31)
FNDA:0,(anonymous_32)
FNDA:0,(anonymous_33)
FNDA:0,(anonymous_34)
FNDA:0,(anonymous_35)
FNDA:0,(anonymous_36)
FNDA:0,(anonymous_37)
FNDA:0,(anonymous_38)
FNDA:0,(anonymous_39)
FNDA:0,(anonymous_40)
FNDA:0,(anonymous_41)
FNDA:0,(anonymous_42)
FNDA:0,(anonymous_43)
FNDA:0,(anonymous_44)
FNDA:0,(anonymous_45)
FNDA:0,(anonymous_46)
FNDA:0,(anonymous_47)
FNDA:0,(anonymous_48)
FNDA:0,(anonymous_49)
FNDA:0,(anonymous_50)
FNDA:0,(anonymous_51)
FNDA:0,(anonymous_52)
DA:2,0
DA:3,0
DA:4,0
DA:13,0
DA:15,0
DA:21,0
DA:26,0
DA:27,0
DA:28,0
DA:29,0
DA:30,0
DA:32,0
DA:40,0
DA:41,0
DA:45,0
DA:46,0
DA:48,0
DA:50,0
DA:51,0
DA:52,0
DA:53,0
DA:56,0
DA:58,0
DA:59,0
DA:60,0
DA:62,0
DA:63,0
DA:64,0
DA:70,0
DA:72,0
DA:74,0
DA:75,0
DA:76,0
DA:77,0
DA:78,0
DA:81,0
DA:82,0
DA:88,0
DA:90,0
DA:93,0
DA:95,0
DA:102,0
DA:104,0
DA:105,0
DA:106,0
DA:107,0
DA:109,0
DA:110,0
DA:113,0
DA:123,0
DA:125,0
DA:133,0
DA:135,0
DA:143,0
DA:145,0
DA:154,0
DA:155,0
DA:164,0
DA:165,0
DA:166,0
DA:167,0
DA:176,0
DA:177,0
DA:178,0
DA:179,0
DA:181,0
DA:186,0
DA:194,0
DA:195,0
DA:196,0
DA:197,0
DA:199,0
DA:200,0
DA:201,0
DA:206,0
DA:207,0
DA:214,0
DA:215,0
DA:223,0
DA:224,0
DA:225,0
DA:226,0
DA:227,0
DA:228,0
DA:229,0
DA:234,0
DA:239,0
DA:247,0
DA:250,0
DA:253,0
DA:254,0
DA:255,0
DA:259,0
DA:263,0
DA:264,0
DA:265,0
DA:269,0
DA:272,0
DA:274,0
DA:275,0
DA:276,0
DA:277,0
DA:279,0
DA:288,0
DA:290,0
DA:292,0
DA:298,0
DA:301,0
DA:303,0
DA:304,0
DA:305,0
DA:309,0
DA:312,0
DA:314,0
DA:315,0
DA:316,0
DA:320,0
DA:322,0
DA:325,0
DA:333,0
DA:334,0
DA:335,0
DA:336,0
DA:337,0
DA:338,0
DA:339,0
DA:340,0
DA:341,0
DA:342,0
DA:344,0
DA:346,0
DA:347,0
DA:348,0
DA:357,0
DA:358,0
DA:359,0
DA:362,0
DA:364,0
DA:368,0
DA:371,0
DA:387,0
DA:390,0
DA:391,0
DA:395,0
DA:402,0
DA:403,0
DA:404,0
DA:405,0
DA:407,0
LF:149
LH:0
BRDA:29,0,0,0
BRDA:29,1,0,0
BRDA:29,1,1,0
BRDA:35,2,0,0
BRDA:35,2,1,0
BRDA:37,3,0,0
BRDA:37,3,1,0
BRDA:59,4,0,0
BRDA:76,5,0,0
BRDA:116,6,0,0
BRDA:116,6,1,0
BRDA:137,7,0,0
BRDA:137,7,1,0
BRDA:183,8,0,0
BRDA:183,8,1,0
BRDA:195,9,0,0
BRDA:209,10,0,0
BRDA:209,10,1,0
BRDA:236,11,0,0
BRDA:236,11,1,0
BRDA:254,12,0,0
BRDA:264,13,0,0
BRDA:267,14,0,0
BRDA:267,14,1,0
BRDA:272,15,0,0
BRDA:272,15,1,0
BRDA:275,16,0,0
BRDA:304,17,0,0
BRDA:312,18,0,0
BRDA:312,18,1,0
BRDA:315,19,0,0
BRDA:325,20,0,0
BRDA:325,20,1,0
BRDA:338,21,0,0
BRDA:338,21,1,0
BRDA:340,22,0,0
BRDA:341,23,0,0
BRDA:387,24,0,0
BRDA:387,24,1,0
BRDA:387,25,0,0
BRDA:387,25,1,0
BRDA:404,26,0,0
BRF:42
BRH:0
end_of_record
TN:
SF:contexts/TerminalContext.tsx
FN:20,(anonymous_9)
FN:23,(anonymous_10)
FN:31,(anonymous_11)
FN:34,(anonymous_12)
FN:38,(anonymous_13)
FN:43,(anonymous_14)
FN:44,(anonymous_15)
FN:45,(anonymous_16)
FN:50,(anonymous_17)
FN:51,(anonymous_18)
FN:52,(anonymous_19)
FN:57,(anonymous_20)
FN:58,(anonymous_21)
FN:67,(anonymous_22)
FN:70,(anonymous_23)
FN:77,(anonymous_24)
FN:91,(anonymous_25)
FNF:17
FNH:0
FNDA:0,(anonymous_9)
FNDA:0,(anonymous_10)
FNDA:0,(anonymous_11)
FNDA:0,(anonymous_12)
FNDA:0,(anonymous_13)
FNDA:0,(anonymous_14)
FNDA:0,(anonymous_15)
FNDA:0,(anonymous_16)
FNDA:0,(anonymous_17)
FNDA:0,(anonymous_18)
FNDA:0,(anonymous_19)
FNDA:0,(anonymous_20)
FNDA:0,(anonymous_21)
FNDA:0,(anonymous_22)
FNDA:0,(anonymous_23)
FNDA:0,(anonymous_24)
FNDA:0,(anonymous_25)
DA:1,0
DA:16,0
DA:18,0
DA:20,0
DA:21,0
DA:23,0
DA:24,0
DA:25,0
DA:31,0
DA:34,0
DA:35,0
DA:38,0
DA:39,0
DA:40,0
DA:41,0
DA:43,0
DA:44,0
DA:45,0
DA:47,0
DA:50,0
DA:51,0
DA:52,0
DA:54,0
DA:57,0
DA:58,0
DA:61,0
DA:67,0
DA:69,0
DA:70,0
DA:71,0
DA:74,0
DA:77,0
DA:78,0
DA:79,0
DA:80,0
DA:84,0
DA:91,0
DA:92,0
DA:93,0
DA:94,0
DA:96,0
LF:41
LH:0
BRDA:23,0,0,0
BRDA:45,1,0,0
BRDA:45,1,1,0
BRDA:52,2,0,0
BRDA:52,2,1,0
BRDA:58,3,0,0
BRDA:58,3,1,0
BRDA:69,4,0,0
BRDA:93,5,0,0
BRF:9
BRH:0
end_of_record
TN:
SF:contexts/githubService.ts
FN:20,(anonymous_1)
FN:31,(anonymous_2)
FN:38,(anonymous_3)
FN:49,(anonymous_4)
FN:56,(anonymous_5)
FN:63,(anonymous_6)
FN:70,(anonymous_7)
FN:77,(anonymous_8)
FN:81,(anonymous_9)
FN:100,(anonymous_10)
FN:131,(anonymous_11)
FN:173,(anonymous_12)
FN:174,(anonymous_13)
FN:182,(anonymous_14)
FN:210,(anonymous_15)
FNF:15
FNH:0
FNDA:0,(anonymous_1)
FNDA:0,(anonymous_2)
FNDA:0,(anonymous_3)
FNDA:0,(anonymous_4)
FNDA:0,(anonymous_5)
FNDA:0,(anonymous_6)
FNDA:0,(anonymous_7)
FNDA:0,(anonymous_8)
FNDA:0,(anonymous_9)
FNDA:0,(anonymous_10)
FNDA:0,(anonymous_11)
FNDA:0,(anonymous_12)
FNDA:0,(anonymous_13)
FNDA:0,(anonymous_14)
FNDA:0,(anonymous_15)
DA:3,0
DA:5,0
DA:8,0
DA:9,0
DA:12,0
DA:15,0
DA:20,0
DA:21,0
DA:22,0
DA:24,0
DA:25,0
DA:31,0
DA:32,0
DA:38,0
DA:39,0
DA:40,0
DA:42,0
DA:43,0
DA:49,0
DA:50,0
DA:56,0
DA:57,0
DA:63,0
DA:64,0
DA:70,0
DA:71,0
DA:77,0
DA:78,0
DA:81,0
DA:82,0
DA:83,0
DA:85,0
DA:92,0
DA:93,0
DA:95,0
DA:96,0
DA:99,0
DA:100,0
DA:101,0
DA:104,0
DA:105,0
DA:106,0
DA:107,0
DA:110,0
DA:111,0
DA:113,0
DA:119,0
DA:123,0
DA:124,0
DA:125,0
DA:128,0
DA:131,0
DA:138,0
DA:139,0
DA:141,0
DA:146,0
DA:147,0
DA:148,0
DA:149,0
DA:152,0
DA:157,0
DA:159,0
DA:168,0
DA:169,0
DA:170,0
DA:173,0
DA:174,0
DA:175,0
DA:176,0
DA:177,0
DA:178,0
DA:182,0
DA:189,0
DA:190,0
DA:192,0
DA:193,0
DA:199,0
DA:200,0
DA:201,0
DA:206,0
DA:207,0
DA:210,0
DA:215,0
DA:216,0
DA:218,0
DA:219,0
DA:223,0
DA:224,0
DA:225,0
LF:89
LH:0
BRDA:81,0,0,0
BRDA:83,1,0,0
BRDA:99,2,0,0
BRDA:104,3,0,0
BRDA:104,4,0,0
BRDA:104,4,1,0
BRDA:111,5,0,0
BRDA:125,6,0,0
BRDA:125,6,1,0
BRDA:136,7,0,0
BRDA:139,8,0,0
BRDA:147,9,0,0
BRDA:157,10,0,0
BRDA:169,11,0,0
BRDA:169,12,0,0
BRDA:169,12,1,0
BRDA:176,13,0,0
BRDA:185,14,0,0
BRDA:186,15,0,0
BRDA:187,16,0,0
BRDA:190,17,0,0
BRDA:199,18,0,0
BRDA:200,19,0,0
BRDA:207,20,0,0
BRDA:207,20,1,0
BRDA:213,21,0,0
BRDA:216,22,0,0
BRDA:224,23,0,0
BRDA:224,24,0,0
BRDA:224,24,1,0
BRF:30
BRH:0
end_of_record
TN:
SF:contexts/projectStorage.ts
FN:16,(anonymous_10)
FN:21,(anonymous_11)
FN:89,(anonymous_12)
FN:100,(anonymous_13)
FN:127,(anonymous_14)
FN:139,(anonymous_15)
FN:202,(anonymous_16)
FN:246,(anonymous_17)
FN:285,(anonymous_18)
FNF:9
FNH:0
FNDA:0,(anonymous_10)
FNDA:0,(anonymous_11)
FNDA:0,(anonymous_12)
FNDA:0,(anonymous_13)
FNDA:0,(anonymous_14)
FNDA:0,(anonymous_15)
FNDA:0,(anonymous_16)
FNDA:0,(anonymous_17)
FNDA:0,(anonymous_18)
DA:2,0
DA:4,0
DA:5,0
DA:6,0
DA:7,0
DA:8,0
DA:9,0
DA:10,0
DA:12,0
DA:13,0
DA:16,0
DA:20,0
DA:21,0
DA:22,0
DA:23,0
DA:25,0
DA:26,0
DA:29,0
DA:30,0
DA:31,0
DA:34,0
DA:35,0
DA:36,0
DA:37,0
DA:39,0
DA:40,0
DA:42,0
DA:44,0
DA:45,0
DA:49,0
DA:52,0
DA:57,0
DA:58,0
DA:59,0
DA:63,0
DA:66,0
DA:67,0
DA:68,0
DA:72,0
DA:75,0
DA:76,0
DA:78,0
DA:83,0
DA:85,0
DA:89,0
DA:90,0
DA:91,0
DA:92,0
DA:93,0
DA:95,0
DA:96,0
DA:100,0
DA:101,0
DA:102,0
DA:103,0
DA:104,0
DA:105,0
DA:107,0
DA:108,0
DA:109,0
DA:110,0
DA:111,0
DA:113,0
DA:116,0
DA:117,0
DA:118,0
DA:120,0
DA:122,0
DA:123,0
DA:127,0
DA:128,0
DA:129,0
DA:130,0
DA:132,0
DA:133,0
DA:139,0
DA:144,0
DA:146,0
DA:147,0
DA:149,0
DA:150,0
DA:151,0
DA:153,0
DA:154,0
DA:155,0
DA:157,0
DA:158,0
DA:162,0
DA:163,0
DA:165,0
DA:166,0
DA:169,0
DA:174,0
DA:175,0
DA:177,0
DA:178,0
DA:181,0
DA:187,0
DA:189,0
DA:196,0
DA:197,0
DA:198,0
DA:202,0
DA:208,0
DA:209,0
DA:214,0
DA:215,0
DA:218,0
DA:219,0
DA:220,0
DA:222,0
DA:223,0
DA:225,0
DA:226,0
DA:229,0
DA:230,0
DA:232,0
DA:233,0
DA:239,0
DA:240,0
DA:243,0
DA:244,0
DA:246,0
DA:251,0
DA:253,0
DA:256,0
DA:265,0
DA:269,0
DA:276,0
DA:277,0
DA:278,0
DA:279,0
DA:281,0
DA:283,0
DA:285,0
LF:135
LH:0
BRDA:18,0,0,0
BRDA:29,1,0,0
BRDA:37,2,0,0
BRDA:37,2,1,0
BRDA:39,3,0,0
BRDA:39,3,1,0
BRDA:44,4,0,0
BRDA:44,5,0,0
BRDA:44,5,1,0
BRDA:58,6,0,0
BRDA:67,7,0,0
BRDA:75,8,0,0
BRDA:75,8,1,0
BRDA:103,9,0,0
BRDA:109,10,0,0
BRDA:113,11,0,0
BRDA:117,12,0,0
BRDA:117,12,1,0
BRDA:147,13,0,0
BRDA:147,13,1,0
BRDA:158,14,0,0
BRDA:158,14,1,0
BRDA:165,15,0,0
BRDA:165,16,0,0
BRDA:165,16,1,0
BRDA:177,17,0,0
BRDA:190,18,0,0
BRDA:190,18,1,0
BRDA:191,19,0,0
BRDA:191,19,1,0
BRDA:192,20,0,0
BRDA:192,20,1,0
BRDA:197,21,0,0
BRDA:197,21,1,0
BRDA:214,22,0,0
BRDA:214,23,0,0
BRDA:214,23,1,0
BRDA:226,24,0,0
BRDA:232,25,0,0
BRDA:243,26,0,0
BRDA:253,27,0,0
BRDA:253,27,1,0
BRDA:277,28,0,0
BRDA:278,29,0,0
BRDA:281,30,0,0
BRDA:281,30,1,0
BRF:46
BRH:0
end_of_record
TN:
SF:hooks/useBuildStatus.ts
FN:36,fetchWithTimeout
FN:42,(anonymous_1)
FN:61,mapStatus
FN:87,useBuildStatus
FN:93,(anonymous_4)
FN:106,(anonymous_5)
FN:130,(anonymous_6)
FN:138,(anonymous_7)
FN:207,(anonymous_8)
FN:232,(anonymous_9)
FNF:10
FNH:0
FNDA:0,fetchWithTimeout
FNDA:0,(anonymous_1)
FNDA:0,mapStatus
FNDA:0,useBuildStatus
FNDA:0,(anonymous_4)
FNDA:0,(anonymous_5)
FNDA:0,(anonymous_6)
FNDA:0,(anonymous_7)
FNDA:0,(anonymous_8)
FNDA:0,(anonymous_9)
DA:8,0
DA:9,0
DA:10,0
DA:31,0
DA:32,0
DA:33,0
DA:41,0
DA:42,0
DA:44,0
DA:45,0
DA:49,0
DA:50,0
DA:52,0
DA:53,0
DA:54,0
DA:56,0
DA:62,0
DA:63,0
DA:67,0
DA:71,0
DA:75,0
DA:79,0
DA:81,0
DA:83,0
DA:87,0
DA:88,0
DA:89,0
DA:90,0
DA:91,0
DA:93,0
DA:94,0
DA:95,0
DA:96,0
DA:97,0
DA:98,0
DA:99,0
DA:102,0
DA:103,0
DA:104,0
DA:106,0
DA:107,0
DA:108,0
DA:112,0
DA:122,0
DA:125,0
DA:126,0
DA:127,0
DA:129,0
DA:130,0
DA:131,0
DA:132,0
DA:136,0
DA:137,0
DA:138,0
DA:139,0
DA:141,0
DA:142,0
DA:143,0
DA:144,0
DA:145,0
DA:146,0
DA:155,0
DA:159,0
DA:160,0
DA:162,0
DA:163,0
DA:165,0
DA:172,0
DA:174,0
DA:177,0
DA:178,0
DA:179,0
DA:180,0
DA:183,0
DA:184,0
DA:186,0
DA:187,0
DA:194,0
DA:195,0
DA:204,0
DA:206,0
DA:207,0
DA:208,0
DA:210,0
DA:211,0
DA:212,0
DA:214,0
DA:215,0
DA:216,0
DA:229,0
DA:230,0
DA:232,0
DA:233,0
DA:234,0
DA:235,0
DA:236,0
DA:241,0
LF:97
LH:0
BRDA:53,0,0,0
BRDA:62,1,0,0
BRDA:62,1,1,0
BRDA:63,2,0,0
BRDA:63,2,1,0
BRDA:63,2,2,0
BRDA:63,2,3,0
BRDA:63,2,4,0
BRDA:63,2,5,0
BRDA:63,2,6,0
BRDA:63,2,7,0
BRDA:63,2,8,0
BRDA:63,2,9,0
BRDA:63,2,10,0
BRDA:63,2,11,0
BRDA:63,2,12,0
BRDA:63,2,13,0
BRDA:94,3,0,0
BRDA:122,4,0,0
BRDA:136,5,0,0
BRDA:136,6,0,0
BRDA:136,6,1,0
BRDA:136,6,2,0
BRDA:139,7,0,0
BRDA:139,7,1,0
BRDA:141,8,0,0
BRDA:143,9,0,0
BRDA:144,10,0,0
BRDA:149,11,0,0
BRDA:149,11,1,0
BRDA:168,12,0,0
BRDA:168,12,1,0
BRDA:177,13,0,0
BRDA:178,14,0,0
BRDA:183,15,0,0
BRDA:186,16,0,0
BRDA:186,16,1,0
BRDA:189,17,0,0
BRDA:189,17,1,0
BRDA:194,18,0,0
BRDA:204,19,0,0
BRDA:208,20,0,0
BRDA:208,20,1,0
BRDA:210,21,0,0
BRDA:212,22,0,0
BRDA:214,23,0,0
BRDA:219,24,0,0
BRDA:219,24,1,0
BRDA:234,25,0,0
BRDA:246,26,0,0
BRDA:246,26,1,0
BRF:51
BRH:0
end_of_record
TN:
SF:hooks/useBuildStatusSupabase.ts
FN:30,(anonymous_0)
FN:36,(anonymous_1)
FN:47,(anonymous_2)
FN:70,(anonymous_3)
FN:120,(anonymous_4)
FNF:5
FNH:0
FNDA:0,(anonymous_0)
FNDA:0,(anonymous_1)
FNDA:0,(anonymous_2)
FNDA:0,(anonymous_3)
FNDA:0,(anonymous_4)
DA:1,0
DA:2,0
DA:28,0
DA:30,0
DA:31,0
DA:32,0
DA:33,0
DA:34,0
DA:36,0
DA:37,0
DA:38,0
DA:39,0
DA:40,0
DA:41,0
DA:44,0
DA:45,0
DA:47,0
DA:48,0
DA:50,0
DA:53,0
DA:57,0
DA:61,0
DA:64,0
DA:66,0
DA:70,0
DA:71,0
DA:72,0
DA:73,0
DA:75,0
DA:76,0
DA:83,0
DA:85,0
DA:86,0
DA:87,0
DA:88,0
DA:89,0
DA:92,0
DA:93,0
DA:94,0
DA:95,0
DA:96,0
DA:99,0
DA:100,0
DA:101,0
DA:103,0
DA:104,0
DA:105,0
DA:108,0
DA:110,0
DA:111,0
DA:116,0
DA:118,0
DA:120,0
DA:121,0
DA:122,0
DA:126,0
LF:56
LH:0
BRDA:37,0,0,0
BRDA:48,1,0,0
BRDA:48,1,1,0
BRDA:50,2,0,0
BRDA:50,2,1,0
BRDA:50,2,2,0
BRDA:50,2,3,0
BRDA:50,2,4,0
BRDA:50,2,5,0
BRDA:50,2,6,0
BRDA:50,2,7,0
BRDA:50,2,8,0
BRDA:50,2,9,0
BRDA:50,2,10,0
BRDA:83,3,0,0
BRDA:85,4,0,0
BRDA:87,5,0,0
BRDA:87,5,1,0
BRDA:92,6,0,0
BRDA:103,7,0,0
BRDA:106,8,0,0
BRDA:106,8,1,0
BRDA:110,9,0,0
BRDA:122,10,0,0
BRF:24
BRH:0
end_of_record
TN:
SF:hooks/useBuildTrigger.ts
FN:25,useBuildTrigger
FN:42,(anonymous_1)
FN:108,(anonymous_2)
FN:119,(anonymous_3)
FN:128,(anonymous_4)
FNF:5
FNH:0
FNDA:0,useBuildTrigger
FNDA:0,(anonymous_1)
FNDA:0,(anonymous_2)
FNDA:0,(anonymous_3)
FNDA:0,(anonymous_4)
DA:2,0
DA:3,0
DA:4,0
DA:8,0
DA:25,0
DA:31,0
DA:32,0
DA:33,0
DA:34,0
DA:35,0
DA:37,0
DA:38,0
DA:39,0
DA:42,0
DA:43,0
DA:44,0
DA:45,0
DA:48,0
DA:49,0
DA:50,0
DA:52,0
DA:53,0
DA:54,0
DA:58,0
DA:59,0
DA:60,0
DA:61,0
DA:62,0
DA:63,0
DA:65,0
DA:68,0
DA:69,0
DA:73,0
DA:75,0
DA:76,0
DA:78,0
DA:79,0
DA:81,0
DA:82,0
DA:84,0
DA:85,0
DA:88,0
DA:89,0
DA:90,0
DA:91,0
DA:92,0
DA:94,0
DA:95,0
DA:96,0
DA:97,0
DA:100,0
DA:101,0
DA:102,0
DA:103,0
DA:108,0
DA:109,0
DA:110,0
DA:111,0
DA:112,0
DA:113,0
DA:114,0
DA:115,0
DA:116,0
DA:119,0
DA:120,0
DA:121,0
DA:122,0
DA:128,0
DA:129,0
DA:130,0
DA:131,0
DA:132,0
DA:134,0
DA:135,0
DA:136,0
DA:139,0
DA:140,0
DA:141,0
DA:143,0
DA:145,0
DA:146,0
DA:149,0
DA:150,0
DA:152,0
DA:153,0
DA:156,0
DA:158,0
DA:171,0
DA:172,0
DA:174,0
DA:175,0
DA:176,0
DA:177,0
DA:179,0
DA:180,0
DA:181,0
DA:184,0
DA:186,0
DA:188,0
DA:191,0
DA:192,0
DA:193,0
DA:194,0
DA:196,0
DA:197,0
DA:199,0
DA:203,0
LF:107
LH:0
BRDA:43,0,0,0
BRDA:48,1,0,0
BRDA:58,2,0,0
BRDA:60,3,0,0
BRDA:73,4,0,0
BRDA:76,5,0,0
BRDA:76,5,1,0
BRDA:76,5,2,0
BRDA:76,5,3,0
BRDA:76,5,4,0
BRDA:76,5,5,0
BRDA:89,6,0,0
BRDA:89,6,1,0
BRDA:109,7,0,0
BRDA:109,7,1,0
BRDA:109,8,0,0
BRDA:109,8,1,0
BRDA:113,9,0,0
BRDA:113,10,0,0
BRDA:113,10,1,0
BRDA:120,11,0,0
BRDA:135,12,0,0
BRDA:135,13,0,0
BRDA:135,13,1,0
BRDA:145,14,0,0
BRDA:145,15,0,0
BRDA:145,15,1,0
BRDA:145,15,2,0
BRDA:152,16,0,0
BRDA:152,17,0,0
BRDA:152,17,1,0
BRDA:174,18,0,0
BRDA:174,19,0,0
BRDA:174,19,1,0
BRDA:175,20,0,0
BRDA:175,20,1,0
BRDA:176,21,0,0
BRDA:176,21,1,0
BRDA:177,22,0,0
BRDA:177,22,1,0
BRDA:180,23,0,0
BRF:41
BRH:0
end_of_record
TN:
SF:hooks/useGitHubRepos.ts
FN:17,fetchWithRetry
FN:31,(anonymous_1)
FN:38,(anonymous_2)
FN:45,(anonymous_3)
FN:50,(anonymous_4)
FN:90,(anonymous_5)
FN:117,(anonymous_6)
FN:117,(anonymous_7)
FN:129,(anonymous_8)
FN:152,(anonymous_9)
FN:153,(anonymous_10)
FN:171,(anonymous_11)
FN:218,(anonymous_12)
FN:235,(anonymous_13)
FN:265,(anonymous_14)
FNF:15
FNH:0
FNDA:0,fetchWithRetry
FNDA:0,(anonymous_1)
FNDA:0,(anonymous_2)
FNDA:0,(anonymous_3)
FNDA:0,(anonymous_4)
FNDA:0,(anonymous_5)
FNDA:0,(anonymous_6)
FNDA:0,(anonymous_7)
FNDA:0,(anonymous_8)
FNDA:0,(anonymous_9)
FNDA:0,(anonymous_10)
FNDA:0,(anonymous_11)
FNDA:0,(anonymous_12)
FNDA:0,(anonymous_13)
FNDA:0,(anonymous_14)
DA:2,0
DA:3,0
DA:4,0
DA:22,0
DA:23,0
DA:24,0
DA:26,0
DA:27,0
DA:30,0
DA:31,0
DA:32,0
DA:35,0
DA:37,0
DA:38,0
DA:42,0
DA:45,0
DA:46,0
DA:47,0
DA:48,0
DA:50,0
DA:51,0
DA:52,0
DA:56,0
DA:59,0
DA:60,0
DA:61,0
DA:63,0
DA:73,0
DA:74,0
DA:75,0
DA:78,0
DA:79,0
DA:81,0
DA:82,0
DA:83,0
DA:85,0
DA:89,0
DA:91,0
DA:93,0
DA:94,0
DA:105,0
DA:106,0
DA:110,0
DA:113,0
DA:114,0
DA:117,0
DA:118,0
DA:120,0
DA:121,0
DA:122,0
DA:128,0
DA:130,0
DA:132,0
DA:133,0
DA:145,0
DA:146,0
DA:149,0
DA:150,0
DA:152,0
DA:153,0
DA:154,0
DA:160,0
DA:162,0
DA:163,0
DA:164,0
DA:170,0
DA:176,0
DA:178,0
DA:179,0
DA:184,0
DA:186,0
DA:191,0
DA:192,0
DA:195,0
DA:196,0
DA:198,0
DA:200,0
DA:205,0
DA:206,0
DA:209,0
DA:211,0
DA:212,0
DA:215,0
DA:216,0
DA:218,0
DA:220,0
DA:221,0
DA:222,0
DA:225,0
DA:227,0
DA:228,0
DA:229,0
DA:230,0
DA:234,0
DA:236,0
DA:237,0
DA:239,0
DA:240,0
DA:241,0
DA:244,0
DA:245,0
DA:250,0
DA:252,0
DA:254,0
DA:258,0
DA:260,0
DA:265,0
DA:266,0
DA:267,0
DA:272,0
DA:273,0
DA:274,0
DA:277,0
DA:279,0
DA:280,0
DA:281,0
DA:287,0
LF:117
LH:0
BRDA:20,0,0,0
BRDA:26,1,0,0
BRDA:26,2,0,0
BRDA:26,2,1,0
BRDA:26,2,2,0
BRDA:30,3,0,0
BRDA:30,4,0,0
BRDA:30,4,1,0
BRDA:37,5,0,0
BRDA:51,6,0,0
BRDA:73,7,0,0
BRDA:82,8,0,0
BRDA:82,8,1,0
BRDA:91,9,0,0
BRDA:105,10,0,0
BRDA:113,11,0,0
BRDA:121,12,0,0
BRDA:121,12,1,0
BRDA:130,13,0,0
BRDA:145,14,0,0
BRDA:154,15,0,0
BRDA:154,15,1,0
BRDA:163,16,0,0
BRDA:163,16,1,0
BRDA:176,17,0,0
BRDA:191,18,0,0
BRDA:196,19,0,0
BRDA:196,19,1,0
BRDA:205,20,0,0
BRDA:211,21,0,0
BRDA:211,22,0,0
BRDA:211,22,1,0
BRDA:220,23,0,0
BRDA:237,24,0,0
BRDA:237,24,1,0
BRDA:239,25,0,0
BRDA:250,26,0,0
BRDA:254,27,0,0
BRDA:254,27,1,0
BRDA:255,28,0,0
BRDA:255,28,1,0
BRDA:256,29,0,0
BRDA:256,29,1,0
BRDA:266,30,0,0
BRDA:266,31,0,0
BRDA:266,31,1,0
BRDA:272,32,0,0
BRDA:280,33,0,0
BRDA:280,33,1,0
BRF:49
BRH:0
end_of_record
TN:
SF:lib/SecureKeyManager.ts
FN:29,(anonymous_0)
FN:37,(anonymous_1)
FN:59,(anonymous_2)
FN:71,(anonymous_3)
FN:96,(anonymous_4)
FN:107,(anonymous_5)
FN:116,(anonymous_6)
FN:125,(anonymous_7)
FN:134,(anonymous_8)
FN:145,(anonymous_9)
FN:161,(anonymous_10)
FNF:11
FNH:11
FNDA:33,(anonymous_0)
FNDA:50,(anonymous_1)
FNDA:109,(anonymous_2)
FNDA:6,(anonymous_3)
FNDA:12,(anonymous_4)
FNDA:9,(anonymous_5)
FNDA:1,(anonymous_6)
FNDA:46,(anonymous_7)
FNDA:2,(anonymous_8)
FNDA:4,(anonymous_9)
FNDA:3,(anonymous_10)
DA:21,1
DA:30,33
DA:31,0
DA:32,0
DA:33,0
DA:37,50
DA:39,33
DA:40,1
DA:41,1
DA:42,1
DA:45,32
DA:48,32
DA:60,109
DA:61,109
DA:72,6
DA:74,6
DA:75,2
DA:79,2
DA:83,4
DA:84,4
DA:86,4
DA:87,4
DA:97,12
DA:98,12
DA:108,9
DA:117,1
DA:118,1
DA:126,46
DA:127,46
DA:135,2
DA:146,4
DA:148,4
DA:149,2
DA:152,2
DA:155,2
DA:157,1
DA:160,1
DA:161,3
DA:162,1
DA:164,1
DA:165,1
DA:167,1
DA:171,1
LF:43
LH:40
BRDA:30,0,0,0
BRDA:30,1,0,33
BRDA:30,1,1,33
BRDA:37,2,0,50
BRDA:37,2,1,48
BRDA:39,3,0,1
BRDA:61,4,0,106
BRDA:61,4,1,3
BRDA:61,5,0,109
BRDA:61,5,1,106
BRDA:74,6,0,2
BRDA:74,7,0,6
BRDA:74,7,1,5
BRDA:98,8,0,7
BRDA:98,8,1,5
BRDA:148,9,0,2
BRDA:148,10,0,4
BRDA:148,10,1,4
BRDA:148,10,2,3
BRDA:155,11,0,1
BRF:20
BRH:19
end_of_record
TN:
SF:lib/SecureTokenManager.ts
FN:31,(anonymous_10)
FN:65,(anonymous_11)
FN:91,(anonymous_12)
FN:96,(anonymous_13)
FN:124,(anonymous_14)
FN:161,(anonymous_15)
FN:198,(anonymous_16)
FN:213,(anonymous_17)
FN:225,(anonymous_18)
FN:241,(anonymous_19)
FN:278,(anonymous_20)
FNF:11
FNH:0
FNDA:0,(anonymous_10)
FNDA:0,(anonymous_11)
FNDA:0,(anonymous_12)
FNDA:0,(anonymous_13)
FNDA:0,(anonymous_14)
FNDA:0,(anonymous_15)
FNDA:0,(anonymous_16)
FNDA:0,(anonymous_17)
FNDA:0,(anonymous_18)
FNDA:0,(anonymous_19)
FNDA:0,(anonymous_20)
DA:14,0
DA:15,0
DA:16,0
DA:23,0
DA:26,0
DA:32,0
DA:33,0
DA:36,0
DA:38,0
DA:39,0
DA:42,0
DA:47,0
DA:48,0
DA:50,0
DA:52,0
DA:66,0
DA:67,0
DA:71,0
DA:72,0
DA:74,0
DA:75,0
DA:76,0
DA:80,0
DA:82,0
DA:84,0
DA:92,0
DA:93,0
DA:96,0
DA:97,0
DA:99,0
DA:100,0
DA:101,0
DA:105,0
DA:107,0
DA:109,0
DA:110,0
DA:112,0
DA:129,0
DA:131,0
DA:133,0
DA:141,0
DA:145,0
DA:150,0
DA:151,0
DA:162,0
DA:163,0
DA:165,0
DA:166,0
DA:169,0
DA:172,0
DA:173,0
DA:174,0
DA:176,0
DA:177,0
DA:178,0
DA:179,0
DA:184,0
DA:186,0
DA:188,0
DA:189,0
DA:199,0
DA:200,0
DA:201,0
DA:203,0
DA:214,0
DA:215,0
DA:230,0
DA:231,0
DA:232,0
DA:247,0
DA:248,0
DA:250,0
DA:251,0
DA:254,0
DA:256,0
DA:260,0
DA:267,0
DA:268,0
DA:279,0
DA:281,0
DA:287,0
DA:288,0
DA:293,0
LF:83
LH:0
BRDA:32,0,0,0
BRDA:38,1,0,0
BRDA:38,1,1,0
BRDA:147,2,0,0
BRDA:147,2,1,0
BRDA:165,3,0,0
BRDA:172,4,0,0
BRDA:176,5,0,0
BRDA:250,6,0,0
BRDA:256,7,0,0
BRDA:256,7,1,0
BRF:11
BRH:0
end_of_record
TN:
SF:lib/fileWriter.ts
FN:25,(anonymous_0)
FN:30,applyFilesToProject
FN:38,(anonymous_2)
FN:78,(anonymous_3)
FNF:4
FNH:0
FNDA:0,(anonymous_0)
FNDA:0,applyFilesToProject
FNDA:0,(anonymous_2)
FNDA:0,(anonymous_3)
DA:2,0
DA:3,0
DA:4,0
DA:17,0
DA:26,0
DA:30,0
DA:34,0
DA:35,0
DA:36,0
DA:38,0
DA:39,0
DA:41,0
DA:43,0
DA:44,0
DA:45,0
DA:49,0
DA:50,0
DA:54,0
DA:55,0
DA:56,0
DA:60,0
DA:61,0
DA:65,0
DA:68,0
DA:69,0
DA:70,0
DA:71,0
DA:74,0
DA:76,0
DA:77,0
DA:78,0
DA:79,0
DA:80,0
DA:83,0
DA:86,0
DA:87,0
DA:91,0
LF:37
LH:0
BRDA:26,0,0,0
BRDA:26,0,1,0
BRDA:26,0,2,0
BRDA:44,1,0,0
BRDA:55,2,0,0
BRDA:65,3,0,0
BRDA:65,3,1,0
BRDA:68,4,0,0
BRDA:74,5,0,0
BRDA:74,5,1,0
BRDA:76,6,0,0
BRDA:76,6,1,0
BRDA:79,7,0,0
BRF:13
BRH:0
end_of_record
TN:
SF:lib/normalizer.ts
FN:30,extractFileArray
FN:57,normalizeAiResponse
FN:79,(anonymous_2)
FN:103,(anonymous_3)
FN:107,(anonymous_4)
FNF:5
FNH:0
FNDA:0,extractFileArray
FNDA:0,normalizeAiResponse
FNDA:0,(anonymous_2)
FNDA:0,(anonymous_3)
FNDA:0,(anonymous_4)
DA:5,0
DA:31,0
DA:33,0
DA:34,0
DA:37,0
DA:38,0
DA:39,0
DA:40,0
DA:41,0
DA:42,0
DA:47,0
DA:57,0
DA:58,0
DA:60,0
DA:62,0
DA:63,0
DA:64,0
DA:65,0
DA:67,0
DA:70,0
DA:71,0
DA:72,0
DA:75,0
DA:79,0
DA:80,0
DA:81,0
DA:82,0
DA:86,0
DA:90,0
DA:91,0
DA:93,0
DA:94,0
DA:95,0
DA:96,0
DA:97,0
DA:102,0
DA:103,0
DA:106,0
DA:107,0
DA:113,0
DA:114,0
DA:115,0
DA:118,0
DA:119,0
LF:44
LH:0
BRDA:31,0,0,0
BRDA:33,1,0,0
BRDA:37,2,0,0
BRDA:41,3,0,0
BRDA:58,4,0,0
BRDA:62,5,0,0
BRDA:62,5,1,0
BRDA:64,6,0,0
BRDA:64,6,1,0
BRDA:71,7,0,0
BRDA:71,8,0,0
BRDA:71,8,1,0
BRDA:71,8,2,0
BRDA:80,9,0,0
BRDA:80,9,1,0
BRDA:81,10,0,0
BRDA:81,10,1,0
BRDA:94,11,0,0
BRDA:95,12,0,0
BRDA:103,13,0,0
BRDA:103,13,1,0
BRDA:113,14,0,0
BRDA:113,15,0,0
BRDA:113,15,1,0
BRDA:113,15,2,0
BRF:25
BRH:0
end_of_record
TN:
SF:lib/orchestrator.ts
FN:66,(anonymous_1)
FN:80,withTimeout
FN:88,(anonymous_3)
FN:90,(anonymous_4)
FN:103,resolveApiKey
FN:144,shouldRotateKey
FN:164,enhanceErrorMessage
FN:191,detectMetaFromConfig
FN:265,buildOkResult
FN:293,callGroq
FN:303,(anonymous_11)
FN:336,callGemini
FN:352,(anonymous_13)
FN:389,callOpenAI
FN:399,(anonymous_15)
FN:431,callAnthropic
FN:440,(anonymous_17)
FN:441,(anonymous_18)
FN:446,(anonymous_19)
FN:479,callHuggingFace
FN:488,(anonymous_21)
FN:533,callProviderWithRetry
FN:555,(anonymous_23)
FN:623,parseFilesFromText
FN:630,(anonymous_25)
FN:634,(anonymous_26)
FN:648,runSequentialFallback
FN:724,runOrchestrator
FN:775,runValidatorOrchestrator
FNF:29
FNH:0
FNDA:0,(anonymous_1)
FNDA:0,withTimeout
FNDA:0,(anonymous_3)
FNDA:0,(anonymous_4)
FNDA:0,resolveApiKey
FNDA:0,shouldRotateKey
FNDA:0,enhanceErrorMessage
FNDA:0,detectMetaFromConfig
FNDA:0,buildOkResult
FNDA:0,callGroq
FNDA:0,(anonymous_11)
FNDA:0,callGemini
FNDA:0,(anonymous_13)
FNDA:0,callOpenAI
FNDA:0,(anonymous_15)
FNDA:0,callAnthropic
FNDA:0,(anonymous_17)
FNDA:0,(anonymous_18)
FNDA:0,(anonymous_19)
FNDA:0,callHuggingFace
FNDA:0,(anonymous_21)
FNDA:0,callProviderWithRetry
FNDA:0,(anonymous_23)
FNDA:0,parseFilesFromText
FNDA:0,(anonymous_25)
FNDA:0,(anonymous_26)
FNDA:0,runSequentialFallback
FNDA:0,runOrchestrator
FNDA:0,runValidatorOrchestrator
DA:8,0
DA:11,0
DA:12,0
DA:52,0
DA:60,0
DA:61,0
DA:66,0
DA:71,0
DA:72,0
DA:74,0
DA:86,0
DA:89,0
DA:91,0
DA:105,0
DA:107,0
DA:109,0
DA:110,0
DA:114,0
DA:116,0
DA:126,0
DA:127,0
DA:128,0
DA:129,0
DA:132,0
DA:137,0
DA:138,0
DA:145,0
DA:147,0
DA:157,0
DA:158,0
DA:160,0
DA:165,0
DA:167,0
DA:168,0
DA:170,0
DA:171,0
DA:173,0
DA:174,0
DA:176,0
DA:177,0
DA:181,0
DA:182,0
DA:185,0
DA:202,0
DA:204,0
DA:205,0
DA:207,0
DA:208,0
DA:210,0
DA:211,0
DA:213,0
DA:214,0
DA:217,0
DA:218,0
DA:221,0
DA:222,0
DA:223,0
DA:226,0
DA:228,0
DA:229,0
DA:230,0
DA:235,0
DA:236,0
DA:237,0
DA:242,0
DA:243,0
DA:244,0
DA:246,0
DA:247,0
DA:248,0
DA:253,0
DA:254,0
DA:255,0
DA:259,0
DA:272,0
DA:273,0
DA:275,0
DA:298,0
DA:299,0
DA:301,0
DA:303,0
DA:311,0
DA:320,0
DA:322,0
DA:324,0
DA:325,0
DA:329,0
DA:333,0
DA:341,0
DA:342,0
DA:346,0
DA:352,0
DA:359,0
DA:367,0
DA:375,0
DA:377,0
DA:378,0
DA:379,0
DA:383,0
DA:386,0
DA:394,0
DA:395,0
DA:397,0
DA:399,0
DA:407,0
DA:416,0
DA:417,0
DA:419,0
DA:420,0
DA:424,0
DA:428,0
DA:436,0
DA:437,0
DA:440,0
DA:441,0
DA:443,0
DA:446,0
DA:454,0
DA:464,0
DA:466,0
DA:467,0
DA:468,0
DA:472,0
DA:476,0
DA:484,0
DA:485,0
DA:487,0
DA:488,0
DA:491,0
DA:499,0
DA:508,0
DA:510,0
DA:511,0
DA:512,0
DA:515,0
DA:517,0
DA:518,0
DA:519,0
DA:520,0
DA:521,0
DA:522,0
DA:524,0
DA:527,0
DA:538,0
DA:539,0
DA:541,0
DA:542,0
DA:543,0
DA:544,0
DA:545,0
DA:546,0
DA:550,0
DA:554,0
DA:555,0
DA:556,0
DA:557,0
DA:558,0
DA:559,0
DA:560,0
DA:561,0
DA:562,0
DA:563,0
DA:566,0
DA:572,0
DA:579,0
DA:581,0
DA:582,0
DA:584,0
DA:586,0
DA:593,0
DA:594,0
DA:595,0
DA:597,0
DA:598,0
DA:599,0
DA:604,0
DA:605,0
DA:606,0
DA:608,0
DA:613,0
DA:616,0
DA:617,0
DA:623,0
DA:624,0
DA:625,0
DA:626,0
DA:627,0
DA:629,0
DA:630,0
DA:634,0
DA:636,0
DA:638,0
DA:641,0
DA:658,0
DA:660,0
DA:662,0
DA:663,0
DA:664,0
DA:667,0
DA:669,0
DA:670,0
DA:671,0
DA:676,0
DA:678,0
DA:682,0
DA:688,0
DA:690,0
DA:692,0
DA:696,0
DA:702,0
DA:704,0
DA:709,0
DA:713,0
DA:724,0
DA:730,0
DA:737,0
DA:738,0
DA:745,0
DA:746,0
DA:752,0
DA:757,0
DA:759,0
DA:763,0
DA:775,0
DA:780,0
DA:785,0
DA:786,0
DA:792,0
DA:794,0
DA:798,0
LF:230
LH:0
BRDA:72,0,0,0
BRDA:72,0,1,0
BRDA:92,1,0,0
BRDA:92,1,1,0
BRDA:107,2,0,0
BRDA:114,3,0,0
BRDA:114,4,0,0
BRDA:114,4,1,0
BRDA:116,5,0,0
BRDA:116,5,1,0
BRDA:118,6,0,0
BRDA:118,6,1,0
BRDA:120,7,0,0
BRDA:120,7,1,0
BRDA:122,8,0,0
BRDA:122,8,1,0
BRDA:128,9,0,0
BRDA:128,10,0,0
BRDA:128,10,1,0
BRDA:147,11,0,0
BRDA:147,11,1,0
BRDA:147,11,2,0
BRDA:147,11,3,0
BRDA:147,11,4,0
BRDA:147,11,5,0
BRDA:147,11,6,0
BRDA:147,11,7,0
BRDA:147,11,8,0
BRDA:157,12,0,0
BRDA:167,13,0,0
BRDA:167,14,0,0
BRDA:167,14,1,0
BRDA:170,15,0,0
BRDA:173,16,0,0
BRDA:173,17,0,0
BRDA:173,17,1,0
BRDA:176,18,0,0
BRDA:181,19,0,0
BRDA:202,20,0,0
BRDA:202,20,1,0
BRDA:202,20,2,0
BRDA:202,20,3,0
BRDA:202,20,4,0
BRDA:202,20,5,0
BRDA:222,21,0,0
BRDA:222,22,0,0
BRDA:222,22,1,0
BRDA:226,23,0,0
BRDA:226,23,1,0
BRDA:228,24,0,0
BRDA:228,24,1,0
BRDA:229,25,0,0
BRDA:229,26,0,0
BRDA:229,26,1,0
BRDA:231,27,0,0
BRDA:231,27,1,0
BRDA:235,28,0,0
BRDA:235,28,1,0
BRDA:236,29,0,0
BRDA:236,30,0,0
BRDA:236,30,1,0
BRDA:236,30,2,0
BRDA:238,31,0,0
BRDA:238,31,1,0
BRDA:242,32,0,0
BRDA:242,32,1,0
BRDA:243,33,0,0
BRDA:243,34,0,0
BRDA:243,34,1,0
BRDA:244,35,0,0
BRDA:244,35,1,0
BRDA:246,36,0,0
BRDA:246,36,1,0
BRDA:247,37,0,0
BRDA:247,38,0,0
BRDA:247,38,1,0
BRDA:247,38,2,0
BRDA:249,39,0,0
BRDA:249,39,1,0
BRDA:253,40,0,0
BRDA:254,41,0,0
BRDA:254,42,0,0
BRDA:254,42,1,0
BRDA:322,43,0,0
BRDA:324,44,0,0
BRDA:324,44,1,0
BRDA:324,44,2,0
BRDA:329,45,0,0
BRDA:329,45,1,0
BRDA:329,45,2,0
BRDA:377,46,0,0
BRDA:378,47,0,0
BRDA:378,47,1,0
BRDA:383,48,0,0
BRDA:383,48,1,0
BRDA:417,49,0,0
BRDA:419,50,0,0
BRDA:419,50,1,0
BRDA:419,50,2,0
BRDA:424,51,0,0
BRDA:424,51,1,0
BRDA:424,51,2,0
BRDA:440,52,0,0
BRDA:440,52,1,0
BRDA:445,53,0,0
BRDA:445,53,1,0
BRDA:447,54,0,0
BRDA:447,54,1,0
BRDA:466,55,0,0
BRDA:467,56,0,0
BRDA:467,56,1,0
BRDA:472,57,0,0
BRDA:472,57,1,0
BRDA:472,57,2,0
BRDA:472,57,3,0
BRDA:510,58,0,0
BRDA:511,59,0,0
BRDA:511,59,1,0
BRDA:517,60,0,0
BRDA:517,60,1,0
BRDA:517,61,0,0
BRDA:517,61,1,0
BRDA:519,62,0,0
BRDA:519,62,1,0
BRDA:521,63,0,0
BRDA:521,63,1,0
BRDA:521,64,0,0
BRDA:521,64,1,0
BRDA:543,65,0,0
BRDA:556,66,0,0
BRDA:557,67,0,0
BRDA:559,68,0,0
BRDA:561,69,0,0
BRDA:581,70,0,0
BRDA:581,70,1,0
BRDA:593,71,0,0
BRDA:593,71,1,0
BRDA:597,72,0,0
BRDA:625,73,0,0
BRDA:625,73,1,0
BRDA:627,74,0,0
BRDA:627,75,0,0
BRDA:627,75,1,0
BRDA:631,76,0,0
BRDA:631,76,1,0
BRDA:632,77,0,0
BRDA:632,77,1,0
BRDA:634,78,0,0
BRDA:634,78,1,0
BRDA:662,79,0,0
BRDA:690,80,0,0
BRDA:690,80,1,0
BRDA:702,81,0,0
BRDA:717,82,0,0
BRDA:717,82,1,0
BRDA:745,83,0,0
BRDA:745,83,1,0
BRDA:766,84,0,0
BRDA:766,84,1,0
BRDA:801,85,0,0
BRDA:801,85,1,0
BRF:161
BRH:0
end_of_record
TN:
SF:lib/promptEngine.ts
FN:17,buildProjectSnapshot
FN:28,(anonymous_1)
FN:44,buildAllowedPathHint
FN:73,buildBuilderMessages
FN:178,buildValidatorMessages
FN:214,(anonymous_5)
FNF:6
FNH:0
FNDA:0,buildProjectSnapshot
FNDA:0,(anonymous_1)
FNDA:0,buildAllowedPathHint
FNDA:0,buildBuilderMessages
FNDA:0,buildValidatorMessages
FNDA:0,(anonymous_5)
DA:7,0
DA:18,0
DA:19,0
DA:23,0
DA:24,0
DA:26,0
DA:29,0
DA:30,0
DA:31,0
DA:32,0
DA:34,0
DA:37,0
DA:45,0
DA:46,0
DA:47,0
DA:48,0
DA:50,0
DA:51,0
DA:52,0
DA:54,0
DA:55,0
DA:57,0
DA:63,0
DA:73,0
DA:78,0
DA:80,0
DA:86,0
DA:93,0
DA:101,0
DA:106,0
DA:111,0
DA:117,0
DA:124,0
DA:125,0
DA:126,0
DA:129,0
DA:134,0
DA:139,0
DA:144,0
DA:146,0
DA:156,0
DA:158,0
DA:161,0
DA:170,0
DA:178,0
DA:183,0
DA:195,0
DA:197,0
DA:204,0
DA:213,0
DA:214,0
DA:219,0
DA:224,0
LF:53
LH:0
BRDA:18,0,0,0
BRDA:18,1,0,0
BRDA:18,1,1,0
BRDA:30,2,0,0
BRDA:30,2,1,0
BRDA:46,3,0,0
BRDA:46,3,1,0
BRDA:47,4,0,0
BRDA:47,4,1,0
BRDA:48,5,0,0
BRDA:48,5,1,0
BRDA:50,6,0,0
BRDA:50,6,1,0
BRDA:51,7,0,0
BRDA:51,7,1,0
BRDA:52,8,0,0
BRDA:52,8,1,0
BRDA:55,9,0,0
BRDA:125,10,0,0
BRDA:158,11,0,0
BRDA:158,11,1,0
BRDA:214,12,0,0
BRDA:214,12,1,0
BRF:23
BRH:0
end_of_record
TN:
SF:lib/prompts.ts
FN:89,(anonymous_0)
FN:109,(anonymous_1)
FN:131,(anonymous_2)
FN:137,(anonymous_3)
FN:138,(anonymous_4)
FN:142,(anonymous_5)
FN:148,(anonymous_6)
FN:149,(anonymous_7)
FN:158,(anonymous_8)
FN:159,(anonymous_9)
FN:163,(anonymous_10)
FN:173,(anonymous_11)
FN:190,(anonymous_12)
FN:215,(anonymous_13)
FN:237,(anonymous_14)
FN:247,(anonymous_15)
FN:264,(anonymous_16)
FN:268,(anonymous_17)
FN:275,(anonymous_18)
FN:277,(anonymous_19)
FN:287,(anonymous_20)
FN:297,(anonymous_21)
FN:303,(anonymous_22)
FN:326,(anonymous_23)
FN:330,(anonymous_24)
FNF:25
FNH:0
FNDA:0,(anonymous_0)
FNDA:0,(anonymous_1)
FNDA:0,(anonymous_2)
FNDA:0,(anonymous_3)
FNDA:0,(anonymous_4)
FNDA:0,(anonymous_5)
FNDA:0,(anonymous_6)
FNDA:0,(anonymous_7)
FNDA:0,(anonymous_8)
FNDA:0,(anonymous_9)
FNDA:0,(anonymous_10)
FNDA:0,(anonymous_11)
FNDA:0,(anonymous_12)
FNDA:0,(anonymous_13)
FNDA:0,(anonymous_14)
FNDA:0,(anonymous_15)
FNDA:0,(anonymous_16)
FNDA:0,(anonymous_17)
FNDA:0,(anonymous_18)
FNDA:0,(anonymous_19)
FNDA:0,(anonymous_20)
FNDA:0,(anonymous_21)
FNDA:0,(anonymous_22)
FNDA:0,(anonymous_23)
FNDA:0,(anonymous_24)
DA:3,0
DA:4,0
DA:12,0
DA:30,0
DA:62,0
DA:80,0
DA:89,0
DA:97,0
DA:98,0
DA:99,0
DA:102,0
DA:103,0
DA:104,0
DA:106,0
DA:107,0
DA:108,0
DA:109,0
DA:112,0
DA:128,0
DA:129,0
DA:130,0
DA:131,0
DA:134,0
DA:135,0
DA:137,0
DA:138,0
DA:140,0
DA:141,0
DA:142,0
DA:145,0
DA:146,0
DA:148,0
DA:149,0
DA:150,0
DA:151,0
DA:152,0
DA:156,0
DA:157,0
DA:158,0
DA:159,0
DA:160,0
DA:162,0
DA:163,0
DA:164,0
DA:165,0
DA:166,0
DA:171,0
DA:173,0
DA:174,0
DA:175,0
DA:176,0
DA:177,0
DA:185,0
DA:186,0
DA:187,0
DA:188,0
DA:189,0
DA:191,0
DA:199,0
DA:200,0
DA:205,0
DA:206,0
DA:209,0
DA:210,0
DA:214,0
DA:215,0
DA:218,0
DA:225,0
DA:228,0
DA:229,0
DA:230,0
DA:231,0
DA:232,0
DA:235,0
DA:237,0
DA:244,0
DA:246,0
DA:247,0
DA:250,0
DA:251,0
DA:254,0
DA:257,0
DA:260,0
DA:261,0
DA:262,0
DA:265,0
DA:269,0
DA:270,0
DA:271,0
DA:276,0
DA:277,0
DA:281,0
DA:282,0
DA:284,0
DA:288,0
DA:289,0
DA:298,0
DA:299,0
DA:300,0
DA:301,0
DA:302,0
DA:303,0
DA:304,0
DA:305,0
DA:311,0
DA:318,0
DA:327,0
DA:331,0
DA:332,0
LF:109
LH:0
BRDA:97,0,0,0
BRDA:97,1,0,0
BRDA:97,1,1,0
BRDA:103,2,0,0
BRDA:103,2,1,0
BRDA:108,3,0,0
BRDA:108,3,1,0
BRDA:109,4,0,0
BRDA:109,4,1,0
BRDA:112,5,0,0
BRDA:112,5,1,0
BRDA:116,6,0,0
BRDA:116,6,1,0
BRDA:129,7,0,0
BRDA:129,7,1,0
BRDA:129,8,0,0
BRDA:129,8,1,0
BRDA:150,9,0,0
BRDA:156,10,0,0
BRDA:174,11,0,0
BRDA:177,12,0,0
BRDA:187,13,0,0
BRDA:191,14,0,0
BRDA:191,14,1,0
BRDA:191,14,2,0
BRDA:191,14,3,0
BRDA:191,14,4,0
BRDA:191,14,5,0
BRDA:191,14,6,0
BRDA:210,15,0,0
BRDA:210,15,1,0
BRDA:218,16,0,0
BRDA:238,17,0,0
BRDA:238,17,1,0
BRDA:250,18,0,0
BRDA:270,19,0,0
BRDA:276,20,0,0
BRDA:276,20,1,0
BRDA:281,21,0,0
BRDA:288,22,0,0
BRDA:288,23,0,0
BRDA:288,23,1,0
BRDA:298,24,0,0
BRDA:298,25,0,0
BRDA:298,25,1,0
BRDA:300,26,0,0
BRDA:300,27,0,0
BRDA:300,27,1,0
BRDA:302,28,0,0
BRDA:302,29,0,0
BRDA:302,29,1,0
BRDA:302,29,2,0
BRF:52
BRH:0
end_of_record
TN:
SF:lib/supabase.ts
FN:10,(anonymous_1)
FN:33,(anonymous_2)
FN:47,(anonymous_3)
FN:95,(anonymous_4)
FNF:4
FNH:0
FNDA:0,(anonymous_1)
FNDA:0,(anonymous_2)
FNDA:0,(anonymous_3)
FNDA:0,(anonymous_4)
DA:1,0
DA:2,0
DA:4,0
DA:5,0
DA:7,0
DA:8,0
DA:10,0
DA:11,0
DA:13,0
DA:15,0
DA:16,0
DA:19,0
DA:20,0
DA:21,0
DA:24,0
DA:25,0
DA:26,0
DA:29,0
DA:33,0
DA:35,0
DA:36,0
DA:40,0
DA:41,0
DA:42,0
DA:45,0
DA:47,0
DA:49,0
DA:50,0
DA:53,0
DA:55,0
DA:57,0
DA:59,0
DA:62,0
DA:63,0
DA:64,0
DA:65,0
DA:66,0
DA:67,0
DA:71,0
DA:73,0
DA:78,0
DA:87,0
DA:88,0
DA:91,0
DA:95,0
DA:96,0
DA:97,0
DA:98,0
LF:48
LH:0
BRDA:15,0,0,0
BRDA:19,1,0,0
BRDA:24,2,0,0
BRDA:35,3,0,0
BRDA:40,4,0,0
BRDA:53,5,0,0
BRDA:53,6,0,0
BRDA:53,6,1,0
BRDA:57,7,0,0
BRDA:57,8,0,0
BRDA:57,8,1,0
BRDA:62,9,0,0
BRDA:62,10,0,0
BRDA:62,10,1,0
BRDA:64,11,0,0
BRDA:64,11,1,0
BRDA:65,12,0,0
BRDA:65,12,1,0
BRF:18
BRH:0
end_of_record
TN:
SF:lib/validators.ts
FN:36,(anonymous_0)
FN:40,(anonymous_1)
FN:44,(anonymous_2)
FN:48,(anonymous_3)
FN:52,(anonymous_4)
FN:52,(anonymous_5)
FN:59,validateFilePath
FN:75,(anonymous_7)
FN:101,validateFileContent
FN:153,validateGitHubRepo
FN:194,(anonymous_10)
FN:198,(anonymous_11)
FN:205,validateChatInput
FN:273,validateZipImport
FN:292,(anonymous_14)
FNF:15
FNH:15
FNDA:1033,(anonymous_0)
FNDA:1033,(anonymous_1)
FNDA:1033,(anonymous_2)
FNDA:1033,(anonymous_3)
FNDA:1033,(anonymous_4)
FNDA:1261,(anonymous_5)
FNDA:1031,validateFilePath
FNDA:23,(anonymous_7)
FNDA:1013,validateFileContent
FNDA:12,validateGitHubRepo
FNDA:9,(anonymous_10)
FNDA:9,(anonymous_11)
FNDA:8,validateChatInput
FNDA:5,validateZipImport
FNDA:1009,(anonymous_14)
DA:16,1
DA:28,1
DA:36,1033
DA:40,1033
DA:44,1033
DA:48,1033
DA:52,1261
DA:59,1
DA:64,1031
DA:65,1031
DA:66,1014
DA:72,17
DA:73,17
DA:75,23
DA:78,0
DA:93,1
DA:95,1
DA:101,1
DA:107,1013
DA:108,1013
DA:110,1013
DA:111,1013
DA:112,1011
DA:118,2
DA:119,2
DA:126,0
DA:142,1
DA:153,1
DA:159,12
DA:160,12
DA:161,5
DA:162,5
DA:168,7
DA:169,7
DA:174,0
DA:190,1
DA:194,9
DA:198,9
DA:205,1
DA:210,8
DA:211,8
DA:212,3
DA:217,5
DA:218,5
DA:223,0
DA:237,1
DA:252,1
DA:268,1
DA:273,1
DA:279,5
DA:280,5
DA:281,5
DA:284,5
DA:285,1
DA:292,5
DA:294,1009
DA:295,1009
DA:296,1
DA:300,1
DA:304,1008
DA:305,1008
DA:306,1
DA:310,1
DA:313,1007
DA:319,5
DA:331,1
DA:355,1
LF:67
LH:63
BRDA:72,0,0,17
BRDA:118,1,0,2
BRDA:168,2,0,7
BRDA:217,3,0,5
BRDA:284,4,0,1
BRDA:295,5,0,1
BRDA:305,6,0,1
BRDA:308,7,0,1
BRDA:308,7,1,0
BRDA:314,8,0,1007
BRDA:314,8,1,0
BRDA:320,9,0,5
BRDA:320,9,1,4
BRF:13
BRH:11
end_of_record
TN:
SF:screens/AppInfoScreen.tsx
FN:16,(anonymous_9)
FN:23,(anonymous_10)
FN:28,(anonymous_11)
FN:40,(anonymous_12)
FN:46,(anonymous_13)
FN:64,(anonymous_14)
FN:79,(anonymous_15)
FN:94,(anonymous_16)
FN:133,(anonymous_17)
FN:135,(anonymous_18)
FN:188,(anonymous_19)
FNF:11
FNH:0
FNDA:0,(anonymous_9)
FNDA:0,(anonymous_10)
FNDA:0,(anonymous_11)
FNDA:0,(anonymous_12)
FNDA:0,(anonymous_13)
FNDA:0,(anonymous_14)
FNDA:0,(anonymous_15)
FNDA:0,(anonymous_16)
FNDA:0,(anonymous_17)
FNDA:0,(anonymous_18)
FNDA:0,(anonymous_19)
DA:1,0
DA:2,0
DA:3,0
DA:4,0
DA:5,0
DA:6,0
DA:7,0
DA:9,0
DA:16,0
DA:17,0
DA:18,0
DA:19,0
DA:20,0
DA:23,0
DA:24,0
DA:26,0
DA:28,0
DA:29,0
DA:30,0
DA:31,0
DA:32,0
DA:34,0
DA:40,0
DA:41,0
DA:42,0
DA:43,0
DA:46,0
DA:47,0
DA:48,0
DA:49,0
DA:52,0
DA:53,0
DA:54,0
DA:57,0
DA:58,0
DA:60,0
DA:64,0
DA:65,0
DA:66,0
DA:67,0
DA:68,0
DA:71,0
DA:72,0
DA:73,0
DA:75,0
DA:79,0
DA:80,0
DA:81,0
DA:82,0
DA:83,0
DA:86,0
DA:87,0
DA:88,0
DA:90,0
DA:94,0
DA:95,0
DA:96,0
DA:97,0
DA:98,0
DA:99,0
DA:102,0
DA:110,0
DA:111,0
DA:114,0
DA:115,0
DA:116,0
DA:117,0
DA:120,0
DA:121,0
DA:122,0
DA:124,0
DA:126,0
DA:128,0
DA:129,0
DA:133,0
DA:134,0
DA:135,0
DA:139,0
DA:189,0
DA:190,0
DA:261,0
DA:364,0
LF:82
LH:0
BRDA:24,0,0,0
BRDA:26,1,0,0
BRDA:26,1,1,0
BRDA:29,2,0,0
BRDA:29,3,0,0
BRDA:29,3,1,0
BRDA:32,4,0,0
BRDA:32,4,1,0
BRDA:41,5,0,0
BRDA:47,6,0,0
BRDA:53,7,0,0
BRDA:57,8,0,0
BRDA:57,8,1,0
BRDA:57,9,0,0
BRDA:57,9,1,0
BRDA:57,9,2,0
BRDA:66,10,0,0
BRDA:75,11,0,0
BRDA:75,11,1,0
BRDA:81,12,0,0
BRDA:90,13,0,0
BRDA:90,13,1,0
BRDA:97,14,0,0
BRDA:110,15,0,0
BRDA:115,16,0,0
BRDA:115,17,0,0
BRDA:115,17,1,0
BRDA:129,18,0,0
BRDA:129,18,1,0
BRDA:133,19,0,0
BRDA:133,19,1,0
BRDA:135,20,0,0
BRDA:135,20,1,0
BRDA:135,21,0,0
BRDA:135,21,1,0
BRDA:183,22,0,0
BRDA:183,22,1,0
BRDA:199,23,0,0
BRDA:199,23,1,0
BRDA:234,24,0,0
BRDA:234,24,1,0
BRDA:248,25,0,0
BRDA:248,25,1,0
BRDA:284,26,0,0
BRDA:284,26,1,0
BRDA:352,27,0,0
BRDA:352,27,1,0
BRF:47
BRH:0
end_of_record
TN:
SF:screens/BuildScreen.tsx
FN:62,(anonymous_9)
FN:70,(anonymous_10)
FN:84,(anonymous_11)
FN:106,BuildScreen
FN:114,(anonymous_13)
FN:150,(anonymous_14)
FN:153,(anonymous_15)
FN:157,(anonymous_16)
FN:162,(anonymous_17)
FN:169,(anonymous_18)
FN:174,(anonymous_19)
FN:180,(anonymous_20)
FN:181,(anonymous_21)
FN:245,(anonymous_22)
FN:277,(anonymous_23)
FN:287,(anonymous_24)
FNF:16
FNH:0
FNDA:0,(anonymous_9)
FNDA:0,(anonymous_10)
FNDA:0,(anonymous_11)
FNDA:0,BuildScreen
FNDA:0,(anonymous_13)
FNDA:0,(anonymous_14)
FNDA:0,(anonymous_15)
FNDA:0,(anonymous_16)
FNDA:0,(anonymous_17)
FNDA:0,(anonymous_18)
FNDA:0,(anonymous_19)
FNDA:0,(anonymous_20)
FNDA:0,(anonymous_21)
FNDA:0,(anonymous_22)
FNDA:0,(anonymous_23)
FNDA:0,(anonymous_24)
DA:1,0
DA:2,0
DA:11,0
DA:12,0
DA:13,0
DA:14,0
DA:15,0
DA:20,0
DA:21,0
DA:22,0
DA:31,0
DA:44,0
DA:62,0
DA:63,0
DA:64,0
DA:65,0
DA:66,0
DA:67,0
DA:70,0
DA:71,0
DA:72,0
DA:73,0
DA:74,0
DA:75,0
DA:76,0
DA:78,0
DA:79,0
DA:81,0
DA:84,0
DA:85,0
DA:86,0
DA:87,0
DA:88,0
DA:89,0
DA:90,0
DA:92,0
DA:93,0
DA:95,0
DA:96,0
DA:99,0
DA:100,0
DA:101,0
DA:103,0
DA:106,0
DA:107,0
DA:108,0
DA:109,0
DA:110,0
DA:112,0
DA:114,0
DA:116,0
DA:117,0
DA:121,0
DA:123,0
DA:124,0
DA:134,0
DA:136,0
DA:137,0
DA:138,0
DA:139,0
DA:141,0
DA:142,0
DA:145,0
DA:146,0
DA:150,0
DA:151,0
DA:152,0
DA:153,0
DA:154,0
DA:157,0
DA:158,0
DA:162,0
DA:163,0
DA:164,0
DA:165,0
DA:169,0
DA:170,0
DA:171,0
DA:172,0
DA:174,0
DA:175,0
DA:176,0
DA:180,0
DA:181,0
DA:183,0
DA:246,0
DA:247,0
DA:277,0
DA:287,0
DA:308,0
LF:90
LH:0
BRDA:63,0,0,0
BRDA:72,1,0,0
BRDA:73,2,0,0
BRDA:73,3,0,0
BRDA:73,3,1,0
BRDA:74,4,0,0
BRDA:78,5,0,0
BRDA:87,6,0,0
BRDA:87,7,0,0
BRDA:87,7,1,0
BRDA:88,8,0,0
BRDA:89,9,0,0
BRDA:95,10,0,0
BRDA:96,11,0,0
BRDA:99,12,0,0
BRDA:100,13,0,0
BRDA:101,14,0,0
BRDA:101,14,1,0
BRDA:116,15,0,0
BRDA:136,16,0,0
BRDA:136,16,1,0
BRDA:136,17,0,0
BRDA:136,17,1,0
BRDA:142,18,0,0
BRDA:142,18,1,0
BRDA:146,19,0,0
BRDA:146,19,1,0
BRDA:152,20,0,0
BRDA:152,21,0,0
BRDA:152,21,1,0
BRDA:152,21,2,0
BRDA:152,21,3,0
BRDA:158,22,0,0
BRDA:163,23,0,0
BRDA:170,24,0,0
BRDA:180,25,0,0
BRDA:180,25,1,0
BRDA:190,26,0,0
BRDA:190,26,1,0
BRDA:199,27,0,0
BRDA:199,27,1,0
BRDA:199,27,2,0
BRDA:200,28,0,0
BRDA:200,28,1,0
BRDA:202,29,0,0
BRDA:202,29,1,0
BRDA:202,30,0,0
BRDA:202,30,1,0
BRDA:209,31,0,0
BRDA:209,31,1,0
BRDA:215,32,0,0
BRDA:215,32,1,0
BRDA:237,33,0,0
BRDA:237,33,1,0
BRDA:253,34,0,0
BRDA:253,34,1,0
BRDA:254,35,0,0
BRDA:254,35,1,0
BRDA:255,36,0,0
BRDA:255,36,1,0
BRDA:258,37,0,0
BRDA:258,37,1,0
BRDA:259,38,0,0
BRDA:259,38,1,0
BRDA:260,39,0,0
BRDA:260,39,1,0
BRDA:262,40,0,0
BRDA:262,40,1,0
BRDA:276,41,0,0
BRDA:276,41,1,0
BRDA:284,42,0,0
BRDA:284,42,1,0
BRDA:296,43,0,0
BRDA:296,43,1,0
BRF:74
BRH:0
end_of_record
TN:
SF:screens/ChatScreen.tsx
FN:34,(anonymous_10)
FN:55,(anonymous_11)
FN:57,(anonymous_12)
FN:63,(anonymous_13)
FN:88,(anonymous_14)
FN:125,(anonymous_15)
FN:271,(anonymous_16)
FN:275,(anonymous_17)
FN:305,(anonymous_18)
FNF:9
FNH:0
FNDA:0,(anonymous_10)
FNDA:0,(anonymous_11)
FNDA:0,(anonymous_12)
FNDA:0,(anonymous_13)
FNDA:0,(anonymous_14)
FNDA:0,(anonymous_15)
FNDA:0,(anonymous_16)
FNDA:0,(anonymous_17)
FNDA:0,(anonymous_18)
DA:2,0
DA:3,0
DA:15,0
DA:16,0
DA:18,0
DA:19,0
DA:21,0
DA:22,0
DA:23,0
DA:24,0
DA:25,0
DA:26,0
DA:27,0
DA:28,0
DA:34,0
DA:41,0
DA:43,0
DA:45,0
DA:46,0
DA:47,0
DA:48,0
DA:50,0
DA:52,0
DA:53,0
DA:55,0
DA:56,0
DA:57,0
DA:58,0
DA:63,0
DA:64,0
DA:65,0
DA:70,0
DA:71,0
DA:72,0
DA:73,0
DA:80,0
DA:83,0
DA:84,0
DA:88,0
DA:89,0
DA:90,0
DA:93,0
DA:96,0
DA:99,0
DA:100,0
DA:102,0
DA:109,0
DA:110,0
DA:111,0
DA:114,0
DA:115,0
DA:116,0
DA:117,0
DA:121,0
DA:123,0
DA:124,0
DA:125,0
DA:130,0
DA:136,0
DA:141,0
DA:148,0
DA:150,0
DA:152,0
DA:153,0
DA:154,0
DA:160,0
DA:161,0
DA:164,0
DA:165,0
DA:166,0
DA:167,0
DA:173,0
DA:174,0
DA:177,0
DA:183,0
DA:189,0
DA:191,0
DA:193,0
DA:194,0
DA:195,0
DA:201,0
DA:202,0
DA:205,0
DA:210,0
DA:211,0
DA:214,0
DA:219,0
DA:227,0
DA:237,0
DA:238,0
DA:247,0
DA:248,0
DA:249,0
DA:250,0
DA:258,0
DA:270,0
DA:271,0
DA:275,0
DA:276,0
DA:277,0
DA:285,0
DA:305,0
DA:374,0
DA:466,0
LF:104
LH:0
BRDA:52,0,0,0
BRDA:52,0,1,0
BRDA:53,1,0,0
BRDA:53,1,1,0
BRDA:56,2,0,0
BRDA:56,3,0,0
BRDA:56,3,1,0
BRDA:70,4,0,0
BRDA:70,4,1,0
BRDA:70,5,0,0
BRDA:70,5,1,0
BRDA:76,6,0,0
BRDA:76,6,1,0
BRDA:89,7,0,0
BRDA:89,8,0,0
BRDA:89,8,1,0
BRDA:96,9,0,0
BRDA:96,9,1,0
BRDA:97,10,0,0
BRDA:97,10,1,0
BRDA:115,11,0,0
BRDA:115,12,0,0
BRDA:115,12,1,0
BRDA:150,13,0,0
BRDA:150,14,0,0
BRDA:150,14,1,0
BRDA:164,15,0,0
BRDA:164,16,0,0
BRDA:164,16,1,0
BRDA:179,17,0,0
BRDA:179,17,1,0
BRDA:183,18,0,0
BRDA:183,18,1,0
BRDA:183,19,0,0
BRDA:183,19,1,0
BRDA:185,20,0,0
BRDA:185,20,1,0
BRDA:191,21,0,0
BRDA:214,22,0,0
BRDA:214,22,1,0
BRDA:214,23,0,0
BRDA:214,23,1,0
BRDA:220,24,0,0
BRDA:220,24,1,0
BRDA:221,25,0,0
BRDA:221,25,1,0
BRDA:237,26,0,0
BRDA:237,27,0,0
BRDA:237,27,1,0
BRDA:248,28,0,0
BRDA:248,28,1,0
BRDA:253,29,0,0
BRDA:253,29,1,0
BRDA:276,30,0,0
BRDA:288,31,0,0
BRDA:288,31,1,0
BRDA:293,32,0,0
BRDA:293,32,1,0
BRDA:293,33,0,0
BRDA:293,33,1,0
BRDA:315,34,0,0
BRDA:315,34,1,0
BRDA:321,35,0,0
BRDA:321,35,1,0
BRDA:329,36,0,0
BRDA:329,36,1,0
BRDA:350,37,0,0
BRDA:350,37,1,0
BRDA:362,38,0,0
BRDA:362,38,1,0
BRF:70
BRH:0
end_of_record
TN:
SF:screens/CodeScreen.tsx
FN:30,(anonymous_9)
FN:47,(anonymous_10)
FN:52,(anonymous_11)
FN:57,(anonymous_12)
FN:63,(anonymous_13)
FN:71,(anonymous_14)
FN:74,(anonymous_15)
FN:89,(anonymous_16)
FN:94,(anonymous_17)
FN:103,(anonymous_18)
FN:123,(anonymous_19)
FN:131,(anonymous_20)
FN:137,(anonymous_21)
FN:147,(anonymous_22)
FN:151,(anonymous_23)
FN:154,(anonymous_24)
FN:163,(anonymous_25)
FN:165,(anonymous_26)
FN:175,(anonymous_27)
FN:179,(anonymous_28)
FN:212,(anonymous_29)
FN:223,(anonymous_30)
FN:256,(anonymous_31)
FN:269,(anonymous_32)
FN:270,(anonymous_33)
FN:283,(anonymous_34)
FN:309,(anonymous_35)
FN:340,(anonymous_36)
FN:371,(anonymous_37)
FN:382,(anonymous_38)
FN:383,(anonymous_39)
FN:386,(anonymous_40)
FN:387,(anonymous_41)
FN:401,(anonymous_42)
FN:412,(anonymous_43)
FNF:35
FNH:0
FNDA:0,(anonymous_9)
FNDA:0,(anonymous_10)
FNDA:0,(anonymous_11)
FNDA:0,(anonymous_12)
FNDA:0,(anonymous_13)
FNDA:0,(anonymous_14)
FNDA:0,(anonymous_15)
FNDA:0,(anonymous_16)
FNDA:0,(anonymous_17)
FNDA:0,(anonymous_18)
FNDA:0,(anonymous_19)
FNDA:0,(anonymous_20)
FNDA:0,(anonymous_21)
FNDA:0,(anonymous_22)
FNDA:0,(anonymous_23)
FNDA:0,(anonymous_24)
FNDA:0,(anonymous_25)
FNDA:0,(anonymous_26)
FNDA:0,(anonymous_27)
FNDA:0,(anonymous_28)
FNDA:0,(anonymous_29)
FNDA:0,(anonymous_30)
FNDA:0,(anonymous_31)
FNDA:0,(anonymous_32)
FNDA:0,(anonymous_33)
FNDA:0,(anonymous_34)
FNDA:0,(anonymous_35)
FNDA:0,(anonymous_36)
FNDA:0,(anonymous_37)
FNDA:0,(anonymous_38)
FNDA:0,(anonymous_39)
FNDA:0,(anonymous_40)
FNDA:0,(anonymous_41)
FNDA:0,(anonymous_42)
FNDA:0,(anonymous_43)
DA:2,0
DA:3,0
DA:17,0
DA:18,0
DA:19,0
DA:20,0
DA:21,0
DA:23,0
DA:24,0
DA:25,0
DA:26,0
DA:27,0
DA:28,0
DA:30,0
DA:38,0
DA:40,0
DA:41,0
DA:42,0
DA:43,0
DA:44,0
DA:45,0
DA:47,0
DA:48,0
DA:49,0
DA:52,0
DA:53,0
DA:57,0
DA:58,0
DA:59,0
DA:60,0
DA:63,0
DA:64,0
DA:68,0
DA:71,0
DA:74,0
DA:75,0
DA:76,0
DA:77,0
DA:79,0
DA:82,0
DA:83,0
DA:84,0
DA:85,0
DA:89,0
DA:90,0
DA:95,0
DA:104,0
DA:105,0
DA:106,0
DA:107,0
DA:108,0
DA:120,0
DA:123,0
DA:124,0
DA:125,0
DA:126,0
DA:127,0
DA:128,0
DA:131,0
DA:132,0
DA:133,0
DA:134,0
DA:137,0
DA:139,0
DA:142,0
DA:143,0
DA:144,0
DA:147,0
DA:148,0
DA:150,0
DA:151,0
DA:153,0
DA:154,0
DA:155,0
DA:164,0
DA:165,0
DA:166,0
DA:171,0
DA:174,0
DA:175,0
DA:176,0
DA:179,0
DA:180,0
DA:181,0
DA:184,0
DA:185,0
DA:194,0
DA:195,0
DA:196,0
DA:197,0
DA:201,0
DA:202,0
DA:203,0
DA:207,0
DA:212,0
DA:223,0
DA:247,0
DA:256,0
DA:270,0
DA:283,0
DA:310,0
DA:340,0
DA:363,0
DA:371,0
DA:382,0
DA:384,0
DA:386,0
DA:387,0
DA:401,0
DA:412,0
DA:420,0
DA:608,0
LF:112
LH:0
BRDA:48,0,0,0
BRDA:58,1,0,0
BRDA:58,2,0,0
BRDA:58,2,1,0
BRDA:75,3,0,0
BRDA:75,3,1,0
BRDA:77,4,0,0
BRDA:79,5,0,0
BRDA:79,5,1,0
BRDA:97,6,0,0
BRDA:97,6,1,0
BRDA:104,7,0,0
BRDA:104,8,0,0
BRDA:104,8,1,0
BRDA:106,9,0,0
BRDA:124,10,0,0
BRDA:124,10,1,0
BRDA:125,11,0,0
BRDA:125,11,1,0
BRDA:132,12,0,0
BRDA:132,12,1,0
BRDA:139,13,0,0
BRDA:139,13,1,0
BRDA:148,14,0,0
BRDA:153,15,0,0
BRDA:165,16,0,0
BRDA:165,16,1,0
BRDA:175,17,0,0
BRDA:175,17,1,0
BRDA:184,18,0,0
BRDA:184,19,0,0
BRDA:184,19,1,0
BRDA:194,20,0,0
BRDA:201,21,0,0
BRDA:202,22,0,0
BRDA:202,22,1,0
BRDA:203,23,0,0
BRDA:203,23,1,0
BRDA:251,24,0,0
BRDA:251,24,1,0
BRDA:262,25,0,0
BRDA:262,25,1,0
BRDA:267,26,0,0
BRDA:267,26,1,0
BRDA:270,27,0,0
BRDA:270,27,1,0
BRDA:275,28,0,0
BRDA:275,28,1,0
BRDA:294,29,0,0
BRDA:294,29,1,0
BRDA:296,30,0,0
BRDA:296,30,1,0
BRDA:303,31,0,0
BRDA:303,31,1,0
BRDA:303,31,2,0
BRDA:314,32,0,0
BRDA:314,32,1,0
BRDA:318,33,0,0
BRDA:318,33,1,0
BRDA:320,34,0,0
BRDA:320,34,1,0
BRDA:325,35,0,0
BRDA:325,35,1,0
BRDA:328,36,0,0
BRDA:328,36,1,0
BRDA:336,37,0,0
BRDA:336,37,1,0
BRDA:340,38,0,0
BRDA:340,38,1,0
BRDA:367,39,0,0
BRDA:367,39,1,0
BRDA:486,40,0,0
BRDA:486,40,1,0
BRDA:537,41,0,0
BRDA:537,41,1,0
BRF:75
BRH:0
end_of_record
TN:
SF:screens/ConnectionsScreen.tsx
FN:41,(anonymous_10)
FN:53,(anonymous_11)
FN:76,(anonymous_12)
FN:100,(anonymous_13)
FN:101,(anonymous_14)
FN:112,(anonymous_15)
FN:113,(anonymous_16)
FN:141,(anonymous_17)
FN:159,(anonymous_18)
FN:177,(anonymous_19)
FN:199,(anonymous_20)
FN:277,(anonymous_21)
FN:278,(anonymous_22)
FN:313,(anonymous_23)
FN:381,(anonymous_24)
FN:434,(anonymous_25)
FNF:16
FNH:0
FNDA:0,(anonymous_10)
FNDA:0,(anonymous_11)
FNDA:0,(anonymous_12)
FNDA:0,(anonymous_13)
FNDA:0,(anonymous_14)
FNDA:0,(anonymous_15)
FNDA:0,(anonymous_16)
FNDA:0,(anonymous_17)
FNDA:0,(anonymous_18)
FNDA:0,(anonymous_19)
FNDA:0,(anonymous_20)
FNDA:0,(anonymous_21)
FNDA:0,(anonymous_22)
FNDA:0,(anonymous_23)
FNDA:0,(anonymous_24)
FNDA:0,(anonymous_25)
DA:7,0
DA:8,0
DA:19,0
DA:20,0
DA:21,0
DA:22,0
DA:23,0
DA:24,0
DA:33,0
DA:41,0
DA:42,0
DA:44,0
DA:46,0
DA:49,0
DA:53,0
DA:54,0
DA:55,0
DA:56,0
DA:60,0
DA:61,0
DA:62,0
DA:63,0
DA:70,0
DA:76,0
DA:77,0
DA:78,0
DA:80,0
DA:81,0
DA:82,0
DA:83,0
DA:84,0
DA:86,0
DA:87,0
DA:88,0
DA:90,0
DA:91,0
DA:92,0
DA:94,0
DA:95,0
DA:100,0
DA:101,0
DA:102,0
DA:109,0
DA:112,0
DA:113,0
DA:118,0
DA:120,0
DA:122,0
DA:123,0
DA:125,0
DA:126,0
DA:127,0
DA:128,0
DA:129,0
DA:131,0
DA:135,0
DA:141,0
DA:142,0
DA:143,0
DA:144,0
DA:145,0
DA:146,0
DA:149,0
DA:150,0
DA:152,0
DA:154,0
DA:155,0
DA:159,0
DA:160,0
DA:161,0
DA:162,0
DA:163,0
DA:164,0
DA:167,0
DA:168,0
DA:170,0
DA:172,0
DA:173,0
DA:177,0
DA:178,0
DA:179,0
DA:180,0
DA:182,0
DA:183,0
DA:184,0
DA:186,0
DA:191,0
DA:192,0
DA:199,0
DA:200,0
DA:201,0
DA:203,0
DA:204,0
DA:205,0
DA:206,0
DA:209,0
DA:210,0
DA:211,0
DA:212,0
DA:213,0
DA:216,0
DA:217,0
DA:218,0
DA:219,0
DA:222,0
DA:230,0
DA:231,0
DA:232,0
DA:233,0
DA:234,0
DA:238,0
DA:241,0
DA:244,0
DA:252,0
DA:253,0
DA:254,0
DA:255,0
DA:256,0
DA:260,0
DA:263,0
DA:266,0
DA:267,0
DA:277,0
DA:278,0
DA:281,0
DA:283,0
DA:284,0
DA:285,0
DA:287,0
DA:288,0
DA:291,0
DA:292,0
DA:295,0
DA:296,0
DA:301,0
DA:302,0
DA:303,0
DA:304,0
DA:306,0
DA:313,0
DA:314,0
DA:315,0
DA:316,0
DA:320,0
DA:321,0
DA:324,0
DA:325,0
DA:326,0
DA:328,0
DA:335,0
DA:336,0
DA:337,0
DA:338,0
DA:340,0
DA:341,0
DA:345,0
DA:346,0
DA:351,0
DA:356,0
DA:359,0
DA:360,0
DA:361,0
DA:363,0
DA:370,0
DA:371,0
DA:372,0
DA:374,0
DA:381,0
DA:382,0
DA:383,0
DA:384,0
DA:386,0
DA:387,0
DA:388,0
DA:390,0
DA:391,0
DA:392,0
DA:396,0
DA:400,0
DA:401,0
DA:402,0
DA:408,0
DA:409,0
DA:410,0
DA:414,0
DA:417,0
DA:418,0
DA:423,0
DA:424,0
DA:425,0
DA:430,0
DA:434,0
DA:435,0
DA:438,0
DA:661,0
DA:786,0
LF:196
LH:0
BRDA:42,0,0,0
BRDA:42,0,1,0
BRDA:42,0,2,0
BRDA:42,0,3,0
BRDA:55,1,0,0
BRDA:61,2,0,0
BRDA:61,3,0,0
BRDA:61,3,1,0
BRDA:118,4,0,0
BRDA:118,4,1,0
BRDA:120,5,0,0
BRDA:120,5,1,0
BRDA:122,6,0,0
BRDA:122,6,1,0
BRDA:122,6,2,0
BRDA:126,7,0,0
BRDA:126,7,1,0
BRDA:127,8,0,0
BRDA:127,8,1,0
BRDA:128,9,0,0
BRDA:128,9,1,0
BRDA:129,10,0,0
BRDA:129,10,1,0
BRDA:144,11,0,0
BRDA:162,12,0,0
BRDA:203,13,0,0
BRDA:203,14,0,0
BRDA:203,14,1,0
BRDA:210,15,0,0
BRDA:230,16,0,0
BRDA:230,17,0,0
BRDA:230,17,1,0
BRDA:252,18,0,0
BRDA:283,19,0,0
BRDA:283,19,1,0
BRDA:303,20,0,0
BRDA:303,20,1,0
BRDA:304,21,0,0
BRDA:304,21,1,0
BRDA:315,22,0,0
BRDA:335,23,0,0
BRDA:340,24,0,0
BRDA:340,24,1,0
BRDA:345,25,0,0
BRDA:345,25,1,0
BRDA:360,26,0,0
BRDA:360,26,1,0
BRDA:365,27,0,0
BRDA:365,27,1,0
BRDA:366,28,0,0
BRDA:366,28,1,0
BRDA:372,29,0,0
BRDA:372,29,1,0
BRDA:390,30,0,0
BRDA:401,31,0,0
BRDA:408,32,0,0
BRDA:408,33,0,0
BRDA:408,33,1,0
BRDA:427,34,0,0
BRDA:427,34,1,0
BRDA:445,35,0,0
BRDA:445,35,1,0
BRDA:449,36,0,0
BRDA:449,36,1,0
BRDA:487,37,0,0
BRDA:487,37,1,0
BRDA:495,38,0,0
BRDA:495,38,1,0
BRDA:499,39,0,0
BRDA:499,39,1,0
BRDA:510,40,0,0
BRDA:510,40,1,0
BRDA:514,41,0,0
BRDA:514,41,1,0
BRDA:552,42,0,0
BRDA:552,42,1,0
BRDA:556,43,0,0
BRDA:556,43,1,0
BRDA:567,44,0,0
BRDA:567,44,1,0
BRDA:571,45,0,0
BRDA:571,45,1,0
BRDA:582,46,0,0
BRDA:582,46,1,0
BRDA:622,47,0,0
BRDA:622,47,1,0
BRDA:626,48,0,0
BRDA:626,48,1,0
BRDA:637,49,0,0
BRDA:637,49,1,0
BRDA:641,50,0,0
BRDA:641,50,1,0
BRF:92
BRH:0
end_of_record
TN:
SF:screens/GitHubReposScreen.tsx
FN:27,GitHubReposScreen
FN:53,(anonymous_10)
FN:54,(anonymous_11)
FN:70,(anonymous_12)
FN:79,(anonymous_13)
FN:91,(anonymous_14)
FN:99,(anonymous_15)
FN:113,(anonymous_16)
FN:129,(anonymous_17)
FN:142,(anonymous_18)
FN:157,(anonymous_19)
FN:184,(anonymous_20)
FN:221,(anonymous_21)
FN:248,(anonymous_22)
FN:254,(anonymous_23)
FN:263,(anonymous_24)
FN:282,(anonymous_25)
FN:293,(anonymous_26)
FN:304,(anonymous_27)
FN:311,(anonymous_28)
FN:393,(anonymous_29)
FN:410,(anonymous_30)
FN:427,(anonymous_31)
FN:456,(anonymous_32)
FNF:24
FNH:0
FNDA:0,GitHubReposScreen
FNDA:0,(anonymous_10)
FNDA:0,(anonymous_11)
FNDA:0,(anonymous_12)
FNDA:0,(anonymous_13)
FNDA:0,(anonymous_14)
FNDA:0,(anonymous_15)
FNDA:0,(anonymous_16)
FNDA:0,(anonymous_17)
FNDA:0,(anonymous_18)
FNDA:0,(anonymous_19)
FNDA:0,(anonymous_20)
FNDA:0,(anonymous_21)
FNDA:0,(anonymous_22)
FNDA:0,(anonymous_23)
FNDA:0,(anonymous_24)
FNDA:0,(anonymous_25)
FNDA:0,(anonymous_26)
FNDA:0,(anonymous_27)
FNDA:0,(anonymous_28)
FNDA:0,(anonymous_29)
FNDA:0,(anonymous_30)
FNDA:0,(anonymous_31)
FNDA:0,(anonymous_32)
DA:2,0
DA:3,0
DA:16,0
DA:17,0
DA:18,0
DA:19,0
DA:20,0
DA:21,0
DA:22,0
DA:23,0
DA:27,0
DA:28,0
DA:29,0
DA:31,0
DA:32,0
DA:34,0
DA:36,0
DA:37,0
DA:40,0
DA:41,0
DA:42,0
DA:45,0
DA:46,0
DA:49,0
DA:50,0
DA:51,0
DA:53,0
DA:54,0
DA:55,0
DA:56,0
DA:57,0
DA:58,0
DA:59,0
DA:61,0
DA:63,0
DA:67,0
DA:70,0
DA:71,0
DA:72,0
DA:73,0
DA:75,0
DA:79,0
DA:80,0
DA:81,0
DA:85,0
DA:87,0
DA:90,0
DA:92,0
DA:93,0
DA:98,0
DA:100,0
DA:101,0
DA:102,0
DA:105,0
DA:114,0
DA:115,0
DA:116,0
DA:117,0
DA:119,0
DA:129,0
DA:130,0
DA:131,0
DA:132,0
DA:133,0
DA:136,0
DA:137,0
DA:139,0
DA:141,0
DA:142,0
DA:143,0
DA:145,0
DA:147,0
DA:148,0
DA:153,0
DA:157,0
DA:158,0
DA:159,0
DA:160,0
DA:162,0
DA:163,0
DA:164,0
DA:165,0
DA:168,0
DA:169,0
DA:170,0
DA:173,0
DA:174,0
DA:175,0
DA:177,0
DA:178,0
DA:179,0
DA:180,0
DA:184,0
DA:185,0
DA:186,0
DA:187,0
DA:189,0
DA:190,0
DA:194,0
DA:197,0
DA:198,0
DA:199,0
DA:203,0
DA:206,0
DA:207,0
DA:208,0
DA:209,0
DA:211,0
DA:212,0
DA:217,0
DA:221,0
DA:222,0
DA:223,0
DA:224,0
DA:226,0
DA:227,0
DA:228,0
DA:231,0
DA:232,0
DA:233,0
DA:234,0
DA:237,0
DA:238,0
DA:239,0
DA:240,0
DA:242,0
DA:243,0
DA:244,0
DA:248,0
DA:249,0
DA:250,0
DA:251,0
DA:253,0
DA:254,0
DA:255,0
DA:256,0
DA:263,0
DA:265,0
DA:269,0
DA:271,0
DA:272,0
DA:274,0
DA:275,0
DA:278,0
DA:281,0
DA:283,0
DA:293,0
DA:294,0
DA:295,0
DA:302,0
DA:305,0
DA:311,0
DA:323,0
DA:393,0
DA:410,0
DA:427,0
DA:456,0
DA:569,0
LF:158
LH:0
BRDA:71,0,0,0
BRDA:71,0,1,0
BRDA:73,1,0,0
BRDA:73,1,1,0
BRDA:80,2,0,0
BRDA:100,3,0,0
BRDA:115,4,0,0
BRDA:116,5,0,0
BRDA:131,6,0,0
BRDA:137,7,0,0
BRDA:150,8,0,0
BRDA:150,8,1,0
BRDA:158,9,0,0
BRDA:163,10,0,0
BRDA:168,11,0,0
BRDA:177,12,0,0
BRDA:185,13,0,0
BRDA:189,14,0,0
BRDA:198,15,0,0
BRDA:198,16,0,0
BRDA:198,16,1,0
BRDA:214,17,0,0
BRDA:214,17,1,0
BRDA:222,18,0,0
BRDA:226,19,0,0
BRDA:232,20,0,0
BRDA:232,21,0,0
BRDA:232,21,1,0
BRDA:242,22,0,0
BRDA:242,23,0,0
BRDA:242,23,1,0
BRDA:249,24,0,0
BRDA:265,25,0,0
BRDA:265,25,1,0
BRDA:265,25,2,0
BRDA:269,26,0,0
BRDA:271,27,0,0
BRDA:274,28,0,0
BRDA:294,29,0,0
BRDA:309,30,0,0
BRDA:309,30,1,0
BRDA:339,31,0,0
BRDA:339,31,1,0
BRDA:349,32,0,0
BRDA:349,32,1,0
BRDA:353,33,0,0
BRDA:353,33,1,0
BRDA:360,34,0,0
BRDA:360,34,1,0
BRDA:364,35,0,0
BRDA:364,35,1,0
BRDA:391,36,0,0
BRDA:391,36,1,0
BRDA:397,37,0,0
BRDA:397,37,1,0
BRDA:408,38,0,0
BRDA:408,38,1,0
BRDA:414,39,0,0
BRDA:414,39,1,0
BRDA:425,40,0,0
BRDA:425,40,1,0
BRDA:431,41,0,0
BRDA:431,41,1,0
BRDA:447,42,0,0
BRDA:447,42,1,0
BRDA:480,43,0,0
BRDA:480,43,1,0
BRDA:495,44,0,0
BRDA:495,44,1,0
BRDA:505,45,0,0
BRDA:505,45,1,0
BRDA:520,46,0,0
BRDA:520,46,1,0
BRDA:529,47,0,0
BRDA:529,47,1,0
BRDA:543,48,0,0
BRDA:543,48,1,0
BRDA:560,49,0,0
BRDA:560,49,1,0
BRF:79
BRH:0
end_of_record
TN:
SF:screens/PreviewScreen.tsx
FN:11,escapeHtml
FN:20,(anonymous_10)
FN:185,(anonymous_11)
FN:190,(anonymous_12)
FN:203,(anonymous_13)
FN:207,(anonymous_14)
FN:208,(anonymous_15)
FN:234,(anonymous_16)
FN:239,(anonymous_17)
FN:242,(anonymous_18)
FN:289,(anonymous_19)
FNF:11
FNH:0
FNDA:0,escapeHtml
FNDA:0,(anonymous_10)
FNDA:0,(anonymous_11)
FNDA:0,(anonymous_12)
FNDA:0,(anonymous_13)
FNDA:0,(anonymous_14)
FNDA:0,(anonymous_15)
FNDA:0,(anonymous_16)
FNDA:0,(anonymous_17)
FNDA:0,(anonymous_18)
FNDA:0,(anonymous_19)
DA:2,0
DA:3,0
DA:4,0
DA:5,0
DA:6,0
DA:8,0
DA:9,0
DA:12,0
DA:20,0
DA:27,0
DA:185,0
DA:186,0
DA:187,0
DA:188,0
DA:190,0
DA:191,0
DA:192,0
DA:200,0
DA:201,0
DA:202,0
DA:203,0
DA:207,0
DA:208,0
DA:210,0
DA:211,0
DA:213,0
DA:214,0
DA:215,0
DA:216,0
DA:217,0
DA:223,0
DA:225,0
DA:234,0
DA:235,0
DA:236,0
DA:239,0
DA:240,0
DA:241,0
DA:242,0
DA:245,0
DA:246,0
DA:254,0
DA:255,0
DA:268,0
DA:290,0
DA:301,0
DA:379,0
LF:47
LH:0
BRDA:162,0,0,0
BRDA:162,0,1,0
BRDA:191,1,0,0
BRDA:200,2,0,0
BRDA:200,2,1,0
BRDA:210,3,0,0
BRDA:210,3,1,0
BRDA:213,4,0,0
BRDA:216,5,0,0
BRDA:217,6,0,0
BRDA:223,7,0,0
BRDA:223,7,1,0
BRDA:236,8,0,0
BRDA:236,8,1,0
BRDA:245,9,0,0
BRDA:245,10,0,0
BRDA:245,10,1,0
BRDA:254,11,0,0
BRDA:277,12,0,0
BRDA:277,12,1,0
BRF:20
BRH:0
end_of_record
TN:
SF:screens/SettingsScreen.tsx
FN:190,(anonymous_9)
FN:212,(anonymous_10)
FN:213,(anonymous_11)
FN:221,(anonymous_12)
FN:225,(anonymous_13)
FN:243,(anonymous_14)
FN:252,(anonymous_15)
FN:265,(anonymous_16)
FN:274,(anonymous_17)
FN:287,(anonymous_18)
FN:300,(anonymous_19)
FN:305,(anonymous_20)
FN:311,(anonymous_21)
FN:322,(anonymous_22)
FN:337,(anonymous_23)
FN:343,(anonymous_24)
FN:366,(anonymous_25)
FN:391,(anonymous_26)
FN:410,(anonymous_27)
FN:422,(anonymous_28)
FN:532,(anonymous_29)
FN:539,(anonymous_30)
FNF:22
FNH:0
FNDA:0,(anonymous_9)
FNDA:0,(anonymous_10)
FNDA:0,(anonymous_11)
FNDA:0,(anonymous_12)
FNDA:0,(anonymous_13)
FNDA:0,(anonymous_14)
FNDA:0,(anonymous_15)
FNDA:0,(anonymous_16)
FNDA:0,(anonymous_17)
FNDA:0,(anonymous_18)
FNDA:0,(anonymous_19)
FNDA:0,(anonymous_20)
FNDA:0,(anonymous_21)
FNDA:0,(anonymous_22)
FNDA:0,(anonymous_23)
FNDA:0,(anonymous_24)
FNDA:0,(anonymous_25)
FNDA:0,(anonymous_26)
FNDA:0,(anonymous_27)
FNDA:0,(anonymous_28)
FNDA:0,(anonymous_29)
FNDA:0,(anonymous_30)
DA:2,0
DA:3,0
DA:14,0
DA:15,0
DA:16,0
DA:17,0
DA:21,0
DA:29,0
DA:37,0
DA:190,0
DA:202,0
DA:204,0
DA:205,0
DA:207,0
DA:208,0
DA:209,0
DA:210,0
DA:212,0
DA:213,0
DA:215,0
DA:218,0
DA:219,0
DA:221,0
DA:222,0
DA:225,0
DA:226,0
DA:227,0
DA:228,0
DA:229,0
DA:231,0
DA:232,0
DA:233,0
DA:234,0
DA:239,0
DA:243,0
DA:244,0
DA:253,0
DA:254,0
DA:255,0
DA:257,0
DA:265,0
DA:266,0
DA:267,0
DA:268,0
DA:270,0
DA:274,0
DA:275,0
DA:276,0
DA:277,0
DA:280,0
DA:288,0
DA:289,0
DA:290,0
DA:292,0
DA:300,0
DA:304,0
DA:306,0
DA:307,0
DA:311,0
DA:322,0
DA:327,0
DA:328,0
DA:335,0
DA:338,0
DA:339,0
DA:343,0
DA:366,0
DA:367,0
DA:368,0
DA:377,0
DA:392,0
DA:393,0
DA:395,0
DA:410,0
DA:422,0
DA:439,0
DA:533,0
DA:534,0
DA:535,0
DA:539,0
DA:580,0
DA:919,0
LF:82
LH:0
BRDA:209,0,0,0
BRDA:209,0,1,0
BRDA:210,1,0,0
BRDA:210,1,1,0
BRDA:218,2,0,0
BRDA:218,2,1,0
BRDA:222,3,0,0
BRDA:222,3,1,0
BRDA:227,4,0,0
BRDA:239,5,0,0
BRDA:239,5,1,0
BRDA:257,6,0,0
BRDA:257,6,1,0
BRDA:270,7,0,0
BRDA:270,7,1,0
BRDA:275,8,0,0
BRDA:292,9,0,0
BRDA:292,9,1,0
BRDA:310,10,0,0
BRDA:310,10,1,0
BRDA:313,11,0,0
BRDA:313,11,1,0
BRDA:327,12,0,0
BRDA:327,13,0,0
BRDA:327,13,1,0
BRDA:342,14,0,0
BRDA:342,14,1,0
BRDA:346,15,0,0
BRDA:346,15,1,0
BRDA:352,16,0,0
BRDA:352,16,1,0
BRDA:367,17,0,0
BRDA:383,18,0,0
BRDA:383,18,1,0
BRDA:396,19,0,0
BRDA:396,19,1,0
BRDA:398,20,0,0
BRDA:398,20,1,0
BRDA:401,21,0,0
BRDA:401,21,1,0
BRDA:404,22,0,0
BRDA:404,22,1,0
BRDA:408,23,0,0
BRDA:408,23,1,0
BRDA:456,24,0,0
BRDA:456,24,1,0
BRDA:466,25,0,0
BRDA:466,25,1,0
BRDA:476,26,0,0
BRDA:476,26,1,0
BRDA:482,27,0,0
BRDA:482,27,1,0
BRDA:534,28,0,0
BRDA:534,28,1,0
BRDA:538,29,0,0
BRDA:538,29,1,0
BRDA:541,30,0,0
BRDA:541,30,1,0
BRDA:542,31,0,0
BRDA:542,31,1,0
BRDA:632,32,0,0
BRDA:632,32,1,0
BRDA:761,33,0,0
BRDA:761,33,1,0
BRDA:840,34,0,0
BRDA:840,34,1,0
BRDA:900,35,0,0
BRDA:900,35,1,0
BRF:68
BRH:0
end_of_record
TN:
SF:screens/TerminalScreen.tsx
FN:11,(anonymous_9)
FN:23,(anonymous_10)
FN:24,(anonymous_11)
FN:54,(anonymous_12)
FN:57,(anonymous_13)
FN:58,(anonymous_14)
FN:59,(anonymous_15)
FN:60,(anonymous_16)
FN:64,(anonymous_17)
FN:68,(anonymous_18)
FN:76,(anonymous_19)
FN:80,(anonymous_20)
FN:132,(anonymous_21)
FNF:13
FNH:0
FNDA:0,(anonymous_9)
FNDA:0,(anonymous_10)
FNDA:0,(anonymous_11)
FNDA:0,(anonymous_12)
FNDA:0,(anonymous_13)
FNDA:0,(anonymous_14)
FNDA:0,(anonymous_15)
FNDA:0,(anonymous_16)
FNDA:0,(anonymous_17)
FNDA:0,(anonymous_18)
FNDA:0,(anonymous_19)
FNDA:0,(anonymous_20)
FNDA:0,(anonymous_21)
DA:1,0
DA:2,0
DA:3,0
DA:4,0
DA:5,0
DA:6,0
DA:7,0
DA:11,0
DA:12,0
DA:14,0
DA:16,0
DA:18,0
DA:23,0
DA:24,0
DA:25,0
DA:27,0
DA:29,0
DA:31,0
DA:35,0
DA:37,0
DA:52,0
DA:54,0
DA:55,0
DA:57,0
DA:58,0
DA:59,0
DA:60,0
DA:61,0
DA:64,0
DA:65,0
DA:68,0
DA:71,0
DA:72,0
DA:75,0
DA:76,0
DA:80,0
DA:82,0
DA:132,0
DA:149,0
DA:268,0
LF:40
LH:0
BRDA:12,0,0,0
BRDA:12,0,1,0
BRDA:12,0,2,0
BRDA:25,1,0,0
BRDA:25,1,1,0
BRDA:25,1,2,0
BRDA:103,2,0,0
BRDA:103,2,1,0
BRDA:114,3,0,0
BRDA:114,3,1,0
BRDA:238,4,0,0
BRDA:238,4,1,0
BRDA:243,5,0,0
BRDA:243,5,1,0
BRDA:248,6,0,0
BRDA:248,6,1,0
BRF:16
BRH:0
end_of_record
TN:
SF:utils/chatUtils.ts
FN:13,(anonymous_0)
FN:23,(anonymous_1)
FN:40,(anonymous_2)
FN:65,(anonymous_3)
FN:71,(anonymous_4)
FN:81,(anonymous_5)
FN:83,(anonymous_6)
FN:86,(anonymous_7)
FN:88,(anonymous_8)
FN:91,(anonymous_9)
FN:96,(anonymous_10)
FN:108,(anonymous_11)
FN:129,(anonymous_12)
FN:184,(anonymous_13)
FN:273,(anonymous_14)
FN:288,(anonymous_15)
FN:310,(anonymous_16)
FN:328,(anonymous_17)
FN:337,(anonymous_18)
FN:346,(anonymous_19)
FN:354,(anonymous_20)
FNF:21
FNH:0
FNDA:0,(anonymous_0)
FNDA:0,(anonymous_1)
FNDA:0,(anonymous_2)
FNDA:0,(anonymous_3)
FNDA:0,(anonymous_4)
FNDA:0,(anonymous_5)
FNDA:0,(anonymous_6)
FNDA:0,(anonymous_7)
FNDA:0,(anonymous_8)
FNDA:0,(anonymous_9)
FNDA:0,(anonymous_10)
FNDA:0,(anonymous_11)
FNDA:0,(anonymous_12)
FNDA:0,(anonymous_13)
FNDA:0,(anonymous_14)
FNDA:0,(anonymous_15)
FNDA:0,(anonymous_16)
FNDA:0,(anonymous_17)
FNDA:0,(anonymous_18)
FNDA:0,(anonymous_19)
FNDA:0,(anonymous_20)
DA:1,0
DA:3,0
DA:11,0
DA:13,0
DA:18,0
DA:19,0
DA:20,0
DA:23,0
DA:24,0
DA:25,0
DA:27,0
DA:28,0
DA:40,0
DA:41,0
DA:44,0
DA:51,0
DA:52,0
DA:53,0
DA:57,0
DA:65,0
DA:66,0
DA:68,0
DA:71,0
DA:72,0
DA:73,0
DA:74,0
DA:75,0
DA:77,0
DA:81,0
DA:82,0
DA:83,0
DA:86,0
DA:87,0
DA:88,0
DA:91,0
DA:92,0
DA:93,0
DA:96,0
DA:97,0
DA:99,0
DA:100,0
DA:102,0
DA:103,0
DA:105,0
DA:108,0
DA:109,0
DA:110,0
DA:129,0
DA:132,0
DA:134,0
DA:135,0
DA:136,0
DA:140,0
DA:141,0
DA:145,0
DA:148,0
DA:149,0
DA:152,0
DA:153,0
DA:156,0
DA:157,0
DA:158,0
DA:162,0
DA:163,0
DA:167,0
DA:168,0
DA:172,0
DA:173,0
DA:177,0
DA:178,0
DA:181,0
DA:184,0
DA:185,0
DA:187,0
DA:188,0
DA:189,0
DA:192,0
DA:193,0
DA:198,0
DA:200,0
DA:201,0
DA:202,0
DA:203,0
DA:205,0
DA:206,0
DA:207,0
DA:209,0
DA:210,0
DA:212,0
DA:215,0
DA:216,0
DA:219,0
DA:220,0
DA:226,0
DA:228,0
DA:232,0
DA:234,0
DA:235,0
DA:236,0
DA:240,0
DA:241,0
DA:247,0
DA:248,0
DA:257,0
DA:259,0
DA:260,0
DA:261,0
DA:266,0
DA:273,0
DA:274,0
DA:275,0
DA:276,0
DA:278,0
DA:279,0
DA:281,0
DA:282,0
DA:283,0
DA:284,0
DA:288,0
DA:289,0
DA:291,0
DA:292,0
DA:294,0
DA:295,0
DA:297,0
DA:298,0
DA:300,0
DA:301,0
DA:303,0
DA:310,0
DA:311,0
DA:312,0
DA:314,0
DA:315,0
DA:316,0
DA:318,0
DA:319,0
DA:320,0
DA:322,0
DA:325,0
DA:328,0
DA:331,0
DA:332,0
DA:333,0
DA:334,0
DA:337,0
DA:342,0
DA:344,0
DA:345,0
DA:346,0
DA:347,0
DA:350,0
DA:351,0
DA:354,0
LF:154
LH:0
BRDA:19,0,0,0
BRDA:19,0,1,0
BRDA:24,1,0,0
BRDA:41,2,0,0
BRDA:41,3,0,0
BRDA:41,3,1,0
BRDA:51,4,0,0
BRDA:52,5,0,0
BRDA:53,6,0,0
BRDA:65,7,0,0
BRDA:65,7,1,0
BRDA:72,8,0,0
BRDA:73,9,0,0
BRDA:82,10,0,0
BRDA:99,11,0,0
BRDA:100,12,0,0
BRDA:103,13,0,0
BRDA:111,14,0,0
BRDA:111,14,1,0
BRDA:111,14,2,0
BRDA:111,14,3,0
BRDA:111,14,4,0
BRDA:111,14,5,0
BRDA:134,15,0,0
BRDA:134,16,0,0
BRDA:134,16,1,0
BRDA:140,17,0,0
BRDA:148,18,0,0
BRDA:152,19,0,0
BRDA:152,20,0,0
BRDA:152,20,1,0
BRDA:156,21,0,0
BRDA:162,22,0,0
BRDA:167,23,0,0
BRDA:172,24,0,0
BRDA:177,25,0,0
BRDA:187,26,0,0
BRDA:187,27,0,0
BRDA:187,27,1,0
BRDA:192,28,0,0
BRDA:206,29,0,0
BRDA:209,30,0,0
BRDA:209,30,1,0
BRDA:215,31,0,0
BRDA:219,32,0,0
BRDA:228,33,0,0
BRDA:228,33,1,0
BRDA:228,33,2,0
BRDA:234,34,0,0
BRDA:234,35,0,0
BRDA:234,35,1,0
BRDA:234,35,2,0
BRDA:236,36,0,0
BRDA:236,36,1,0
BRDA:240,37,0,0
BRDA:247,38,0,0
BRDA:259,39,0,0
BRDA:275,40,0,0
BRDA:276,41,0,0
BRDA:281,42,0,0
BRDA:281,42,1,0
BRDA:289,43,0,0
BRDA:292,44,0,0
BRDA:295,45,0,0
BRDA:298,46,0,0
BRDA:301,47,0,0
BRDA:311,48,0,0
BRDA:311,49,0,0
BRDA:311,49,1,0
BRDA:318,50,0,0
BRDA:319,51,0,0
BRDA:320,52,0,0
BRDA:331,53,0,0
BRDA:331,54,0,0
BRDA:331,54,1,0
BRDA:344,55,0,0
BRF:76
BRH:0
end_of_record
TN:
SF:utils/metaCommands.ts
FN:11,(anonymous_0)
FN:45,(anonymous_1)
FN:87,(anonymous_2)
FNF:3
FNH:0
FNDA:0,(anonymous_0)
FNDA:0,(anonymous_1)
FNDA:0,(anonymous_2)
DA:3,0
DA:4,0
DA:11,0
DA:15,0
DA:18,0
DA:19,0
DA:20,0
DA:32,0
DA:33,0
DA:34,0
DA:45,0
DA:46,0
DA:58,0
DA:59,0
DA:60,0
DA:71,0
DA:72,0
DA:73,0
DA:84,0
DA:85,0
DA:87,0
DA:90,0
DA:101,0
LF:23
LH:0
BRDA:18,0,0,0
BRDA:32,1,0,0
BRDA:33,2,0,0
BRDA:58,3,0,0
BRDA:59,4,0,0
BRDA:72,5,0,0
BRDA:88,6,0,0
BRDA:88,6,1,0
BRF:8
BRH:0
end_of_record
TN:
SF:utils/projectSnapshot.ts
FN:29,buildProjectSnapshot
FN:59,(anonymous_1)
FN:60,(anonymous_2)
FN:72,(anonymous_3)
FN:74,(anonymous_4)
FN:75,(anonymous_5)
FN:86,(anonymous_6)
FN:116,calculateProjectMetrics
FN:124,(anonymous_8)
FN:169,formatProjectMetrics
FN:178,(anonymous_10)
FN:179,(anonymous_11)
FNF:12
FNH:0
FNDA:0,buildProjectSnapshot
FNDA:0,(anonymous_1)
FNDA:0,(anonymous_2)
FNDA:0,(anonymous_3)
FNDA:0,(anonymous_4)
FNDA:0,(anonymous_5)
FNDA:0,(anonymous_6)
FNDA:0,calculateProjectMetrics
FNDA:0,(anonymous_8)
FNDA:0,formatProjectMetrics
FNDA:0,(anonymous_10)
FNDA:0,(anonymous_11)
DA:5,0
DA:6,0
DA:29,0
DA:38,0
DA:40,0
DA:41,0
DA:44,0
DA:45,0
DA:48,0
DA:49,0
DA:50,0
DA:51,0
DA:53,0
DA:57,0
DA:58,0
DA:59,0
DA:60,0
DA:61,0
DA:62,0
DA:63,0
DA:66,0
DA:70,0
DA:71,0
DA:72,0
DA:73,0
DA:74,0
DA:75,0
DA:76,0
DA:77,0
DA:78,0
DA:81,0
DA:85,0
DA:86,0
DA:87,0
DA:88,0
DA:89,0
DA:90,0
DA:91,0
DA:94,0
DA:95,0
DA:96,0
DA:97,0
DA:100,0
DA:101,0
DA:106,0
DA:107,0
DA:110,0
DA:116,0
DA:117,0
DA:118,0
DA:119,0
DA:120,0
DA:121,0
DA:124,0
DA:125,0
DA:126,0
DA:127,0
DA:128,0
DA:129,0
DA:132,0
DA:133,0
DA:136,0
DA:137,0
DA:138,0
DA:139,0
DA:140,0
DA:148,0
DA:149,0
DA:150,0
DA:151,0
DA:155,0
DA:169,0
DA:170,0
DA:171,0
DA:172,0
DA:173,0
DA:175,0
DA:176,0
DA:177,0
DA:178,0
DA:180,0
DA:184,0
DA:185,0
DA:188,0
LF:84
LH:0
BRDA:31,0,0,0
BRDA:34,1,0,0
BRDA:35,2,0,0
BRDA:36,3,0,0
BRDA:37,4,0,0
BRDA:40,5,0,0
BRDA:40,6,0,0
BRDA:40,6,1,0
BRDA:44,7,0,0
BRDA:44,7,1,0
BRDA:48,8,0,0
BRDA:50,9,0,0
BRDA:57,10,0,0
BRDA:57,11,0,0
BRDA:57,11,1,0
BRDA:61,12,0,0
BRDA:70,13,0,0
BRDA:70,14,0,0
BRDA:70,14,1,0
BRDA:85,15,0,0
BRDA:88,16,0,0
BRDA:88,16,1,0
BRDA:91,17,0,0
BRDA:91,17,1,0
BRDA:94,18,0,0
BRDA:100,19,0,0
BRDA:106,20,0,0
BRDA:106,21,0,0
BRDA:106,21,1,0
BRDA:132,22,0,0
BRDA:132,23,0,0
BRDA:132,23,1,0
BRDA:136,24,0,0
BRDA:149,25,0,0
BRDA:151,26,0,0
BRDA:151,26,1,0
BRDA:175,27,0,0
BRDA:184,28,0,0
BRF:38
BRH:0
end_of_record
TN:
SF:utils/syntaxValidator.ts
FN:8,(anonymous_0)
FN:28,(anonymous_1)
FN:70,(anonymous_2)
FN:102,(anonymous_3)
FN:107,(anonymous_4)
FN:118,(anonymous_5)
FNF:6
FNH:0
FNDA:0,(anonymous_0)
FNDA:0,(anonymous_1)
FNDA:0,(anonymous_2)
FNDA:0,(anonymous_3)
FNDA:0,(anonymous_4)
FNDA:0,(anonymous_5)
DA:8,0
DA:9,0
DA:10,0
DA:12,0
DA:15,0
DA:17,0
DA:18,0
DA:19,0
DA:20,0
DA:27,0
DA:28,0
DA:30,0
DA:32,0
DA:33,0
DA:34,0
DA:43,0
DA:44,0
DA:51,0
DA:52,0
DA:59,0
DA:60,0
DA:61,0
DA:69,0
DA:70,0
DA:71,0
DA:72,0
DA:73,0
DA:75,0
DA:76,0
DA:77,0
DA:78,0
DA:88,0
DA:89,0
DA:90,0
DA:92,0
DA:99,0
DA:102,0
DA:103,0
DA:104,0
DA:107,0
DA:108,0
DA:109,0
DA:118,0
DA:119,0
DA:120,0
DA:121,0
DA:130,0
DA:131,0
DA:132,0
DA:138,0
LF:50
LH:0
BRDA:12,0,0,0
BRDA:15,1,0,0
BRDA:17,2,0,0
BRDA:17,2,1,0
BRDA:18,3,0,0
BRDA:18,3,1,0
BRDA:19,4,0,0
BRDA:30,5,0,0
BRDA:30,6,0,0
BRDA:30,6,1,0
BRDA:32,7,0,0
BRDA:32,7,1,0
BRDA:33,8,0,0
BRDA:43,9,0,0
BRDA:43,10,0,0
BRDA:43,10,1,0
BRDA:51,11,0,0
BRDA:51,12,0,0
BRDA:51,12,1,0
BRDA:59,13,0,0
BRDA:59,14,0,0
BRDA:59,14,1,0
BRDA:60,15,0,0
BRDA:60,16,0,0
BRDA:60,16,1,0
BRDA:60,16,2,0
BRDA:69,17,0,0
BRDA:69,17,1,0
BRDA:72,18,0,0
BRDA:76,19,0,0
BRDA:76,19,1,0
BRDA:77,20,0,0
BRDA:88,21,0,0
BRDA:108,22,0,0
BRDA:120,23,0,0
BRDA:130,24,0,0
BRDA:130,24,1,0
BRDA:131,25,0,0
BRF:38
BRH:0
end_of_record
